TN:
SF:src\index.js
FN:42,(anonymous_0)
FN:79,(anonymous_1)
FN:107,(anonymous_2)
FN:117,(anonymous_3)
FN:121,(anonymous_4)
FN:127,(anonymous_5)
FN:150,(anonymous_6)
FN:156,(anonymous_7)
FNF:8
FNH:0
FNDA:0,(anonymous_0)
FNDA:0,(anonymous_1)
FNDA:0,(anonymous_2)
FNDA:0,(anonymous_3)
FNDA:0,(anonymous_4)
FNDA:0,(anonymous_5)
FNDA:0,(anonymous_6)
FNDA:0,(anonymous_7)
DA:1,0
DA:2,0
DA:3,0
DA:4,0
DA:5,0
DA:6,0
DA:7,0
DA:8,0
DA:9,0
DA:10,0
DA:11,0
DA:12,0
DA:13,0
DA:15,0
DA:17,0
DA:18,0
DA:21,0
DA:24,0
DA:32,0
DA:39,0
DA:42,0
DA:43,0
DA:44,0
DA:45,0
DA:46,0
DA:47,0
DA:49,0
DA:50,0
DA:55,0
DA:56,0
DA:57,0
DA:58,0
DA:59,0
DA:60,0
DA:63,0
DA:66,0
DA:79,0
DA:80,0
DA:82,0
DA:84,0
DA:86,0
DA:87,0
DA:90,0
DA:91,0
DA:92,0
DA:93,0
DA:94,0
DA:95,0
DA:97,0
DA:99,0
DA:100,0
DA:107,0
DA:108,0
DA:109,0
DA:117,0
DA:118,0
DA:119,0
DA:121,0
DA:122,0
DA:123,0
DA:124,0
DA:127,0
DA:128,0
DA:129,0
DA:137,0
DA:139,0
DA:140,0
DA:144,0
DA:145,0
DA:150,0
DA:151,0
DA:152,0
DA:153,0
DA:156,0
DA:157,0
DA:158,0
DA:159,0
DA:162,0
DA:164,0
LF:79
LH:0
BRDA:18,0,0,0
BRDA:18,0,1,0
BRDA:26,1,0,0
BRDA:26,1,1,0
BRDA:35,2,0,0
BRDA:35,2,1,0
BRDA:86,3,0,0
BRDA:86,3,1,0
BRDA:86,4,0,0
BRDA:86,4,1,0
BRDA:109,5,0,0
BRDA:109,5,1,0
BRDA:110,6,0,0
BRDA:110,6,1,0
BRDA:111,7,0,0
BRDA:111,7,1,0
BRDA:128,8,0,0
BRDA:128,8,1,0
BRF:18
BRH:0
end_of_record
TN:
SF:src\config\database.config.js
FN:1,getDatabaseConfig
FNF:1
FNH:0
FNDA:0,getDatabaseConfig
DA:2,0
DA:3,0
DA:5,0
DA:21,5
LF:4
LH:1
BRDA:3,0,0,0
BRDA:3,0,1,0
BRDA:3,1,0,0
BRDA:3,1,1,0
BRDA:6,2,0,0
BRDA:6,2,1,0
BRDA:7,3,0,0
BRDA:7,3,1,0
BRDA:8,4,0,0
BRDA:8,4,1,0
BRDA:9,5,0,0
BRDA:9,5,1,0
BRDA:11,6,0,0
BRDA:11,6,1,0
BRDA:12,7,0,0
BRDA:12,7,1,0
BRDA:13,8,0,0
BRDA:13,8,1,0
BRDA:15,9,0,0
BRDA:15,9,1,0
BRF:20
BRH:0
end_of_record
TN:
SF:src\config\index.js
FNF:0
FNH:0
DA:1,0
LF:1
LH:0
BRF:0
BRH:0
end_of_record
TN:
SF:src\config\swagger.config.js
FNF:0
FNH:0
DA:1,0
DA:3,0
DA:165,0
DA:167,0
LF:4
LH:0
BRDA:17,0,0,0
BRDA:17,0,1,0
BRF:2
BRH:0
end_of_record
TN:
SF:src\constants\audit-action.constants.js
FNF:0
FNH:0
DA:6,4
DA:48,4
DA:50,4
LF:3
LH:3
BRF:0
BRH:0
end_of_record
TN:
SF:src\constants\booking-status.constants.js
FNF:0
FNH:0
DA:2,4
DA:8,4
DA:10,4
LF:3
LH:3
BRF:0
BRH:0
end_of_record
TN:
SF:src\constants\index.js
FNF:0
FNH:0
DA:3,4
DA:4,4
DA:5,4
DA:6,4
DA:7,4
DA:9,4
LF:6
LH:6
BRF:0
BRH:0
end_of_record
TN:
SF:src\constants\order-status.constants.js
FNF:0
FNH:0
DA:2,4
DA:10,4
DA:12,4
LF:3
LH:3
BRF:0
BRH:0
end_of_record
TN:
SF:src\constants\payment-status.constants.js
FNF:0
FNH:0
DA:6,4
DA:14,4
DA:16,4
LF:3
LH:3
BRF:0
BRH:0
end_of_record
TN:
SF:src\constants\waiting-list-status.constants.js
FNF:0
FNH:0
DA:6,4
DA:13,4
DA:15,4
LF:3
LH:3
BRF:0
BRH:0
end_of_record
TN:
SF:src\controllers\audit-log.controller.js
FN:6,(anonymous_0)
FN:10,(anonymous_1)
FN:26,(anonymous_2)
FN:39,(anonymous_3)
FN:47,(anonymous_4)
FN:60,(anonymous_5)
FN:68,(anonymous_6)
FN:81,(anonymous_7)
FN:89,(anonymous_8)
FN:101,(anonymous_9)
FN:109,(anonymous_10)
FN:127,(anonymous_11)
FNF:12
FNH:0
FNDA:0,(anonymous_0)
FNDA:0,(anonymous_1)
FNDA:0,(anonymous_2)
FNDA:0,(anonymous_3)
FNDA:0,(anonymous_4)
FNDA:0,(anonymous_5)
FNDA:0,(anonymous_6)
FNDA:0,(anonymous_7)
FNDA:0,(anonymous_8)
FNDA:0,(anonymous_9)
FNDA:0,(anonymous_10)
FNDA:0,(anonymous_11)
DA:1,0
DA:2,0
DA:3,0
DA:7,0
DA:11,0
DA:12,0
DA:14,0
DA:16,0
DA:17,0
DA:20,0
DA:22,0
DA:27,0
DA:28,0
DA:29,0
DA:31,0
DA:38,0
DA:39,0
DA:43,0
DA:48,0
DA:49,0
DA:50,0
DA:52,0
DA:59,0
DA:60,0
DA:64,0
DA:69,0
DA:70,0
DA:71,0
DA:73,0
DA:80,0
DA:81,0
DA:85,0
DA:90,0
DA:91,0
DA:93,0
DA:100,0
DA:101,0
DA:105,0
DA:110,0
DA:111,0
DA:113,0
DA:114,0
DA:117,0
DA:119,0
DA:126,0
DA:127,0
DA:131,0
DA:136,0
LF:48
LH:0
BRDA:16,0,0,0
BRDA:16,0,1,0
BRDA:29,1,0,0
BRDA:29,2,0,0
BRDA:29,3,0,0
BRDA:29,4,0,0
BRDA:50,5,0,0
BRDA:50,6,0,0
BRDA:50,7,0,0
BRDA:50,8,0,0
BRDA:71,9,0,0
BRDA:71,10,0,0
BRDA:71,11,0,0
BRDA:71,12,0,0
BRDA:91,13,0,0
BRDA:91,14,0,0
BRDA:91,15,0,0
BRDA:91,16,0,0
BRDA:113,17,0,0
BRDA:113,17,1,0
BRDA:117,18,0,0
BRDA:117,19,0,0
BRDA:117,20,0,0
BRDA:117,21,0,0
BRF:24
BRH:0
end_of_record
TN:
SF:src\controllers\auth.controller.js
FN:11,(anonymous_0)
FN:15,(anonymous_1)
FN:49,(anonymous_2)
FN:85,(anonymous_3)
FNF:4
FNH:0
FNDA:0,(anonymous_0)
FNDA:0,(anonymous_1)
FNDA:0,(anonymous_2)
FNDA:0,(anonymous_3)
DA:1,0
DA:2,0
DA:3,0
DA:4,0
DA:5,0
DA:6,0
DA:7,0
DA:8,0
DA:12,0
DA:15,0
DA:16,0
DA:17,0
DA:19,0
DA:20,0
DA:21,0
DA:24,0
DA:25,0
DA:27,0
DA:32,0
DA:42,0
DA:49,0
DA:50,0
DA:51,0
DA:53,0
DA:54,0
DA:55,0
DA:58,0
DA:62,0
DA:64,0
DA:69,0
DA:78,0
DA:85,0
DA:86,0
DA:87,0
DA:89,0
DA:93,0
LF:36
LH:0
BRDA:19,0,0,0
BRDA:19,0,1,0
BRDA:53,1,0,0
BRDA:53,1,1,0
BRF:4
BRH:0
end_of_record
TN:
SF:src\controllers\booking.controller.js
FN:7,(anonymous_0)
FN:11,(anonymous_1)
FN:26,(anonymous_2)
FN:40,(anonymous_3)
FN:49,(anonymous_4)
FNF:5
FNH:0
FNDA:0,(anonymous_0)
FNDA:0,(anonymous_1)
FNDA:0,(anonymous_2)
FNDA:0,(anonymous_3)
FNDA:0,(anonymous_4)
DA:1,0
DA:2,0
DA:3,0
DA:4,0
DA:8,0
DA:11,0
DA:12,0
DA:13,0
DA:15,0
DA:16,0
DA:17,0
DA:20,0
DA:21,0
DA:23,0
DA:26,0
DA:27,0
DA:29,0
DA:31,0
DA:32,0
DA:33,0
DA:36,0
DA:37,0
DA:40,0
DA:41,0
DA:43,0
DA:44,0
DA:46,0
DA:49,0
DA:50,0
DA:52,0
DA:53,0
DA:55,0
DA:59,0
LF:33
LH:0
BRDA:15,0,0,0
BRDA:15,0,1,0
BRDA:31,1,0,0
BRDA:31,1,1,0
BRF:4
BRH:0
end_of_record
TN:
SF:src\controllers\event.controller.js
FN:11,(anonymous_0)
FN:15,(anonymous_1)
FN:29,(anonymous_2)
FN:36,(anonymous_3)
FN:57,(anonymous_4)
FN:70,(anonymous_5)
FNF:6
FNH:0
FNDA:0,(anonymous_0)
FNDA:0,(anonymous_1)
FNDA:0,(anonymous_2)
FNDA:0,(anonymous_3)
FNDA:0,(anonymous_4)
FNDA:0,(anonymous_5)
DA:1,0
DA:2,0
DA:3,0
DA:8,0
DA:12,0
DA:15,0
DA:16,0
DA:18,0
DA:20,0
DA:21,0
DA:22,0
DA:25,0
DA:26,0
DA:29,0
DA:30,0
DA:31,0
DA:33,0
DA:36,0
DA:37,0
DA:38,0
DA:39,0
DA:41,0
DA:42,0
DA:43,0
DA:45,0
DA:46,0
DA:50,0
DA:52,0
DA:53,0
DA:54,0
DA:57,0
DA:58,0
DA:60,0
DA:62,0
DA:63,0
DA:64,0
DA:67,0
DA:70,0
DA:71,0
DA:73,0
DA:75,0
DA:79,0
LF:42
LH:0
BRDA:20,0,0,0
BRDA:20,0,1,0
BRDA:41,1,0,0
BRDA:41,1,1,0
BRDA:46,2,0,0
BRDA:46,2,1,0
BRDA:62,3,0,0
BRDA:62,3,1,0
BRF:8
BRH:0
end_of_record
TN:
SF:src\controllers\order.controller.js
FN:8,(anonymous_0)
FN:12,(anonymous_1)
FN:27,(anonymous_2)
FN:41,(anonymous_3)
FN:50,(anonymous_4)
FNF:5
FNH:0
FNDA:0,(anonymous_0)
FNDA:0,(anonymous_1)
FNDA:0,(anonymous_2)
FNDA:0,(anonymous_3)
FNDA:0,(anonymous_4)
DA:1,0
DA:2,0
DA:3,0
DA:4,0
DA:5,0
DA:9,0
DA:12,0
DA:13,0
DA:14,0
DA:16,0
DA:17,0
DA:18,0
DA:21,0
DA:22,0
DA:24,0
DA:27,0
DA:28,0
DA:30,0
DA:32,0
DA:33,0
DA:34,0
DA:37,0
DA:38,0
DA:41,0
DA:42,0
DA:44,0
DA:45,0
DA:47,0
DA:50,0
DA:51,0
DA:52,0
DA:53,0
DA:55,0
DA:56,0
DA:57,0
DA:60,0
DA:61,0
DA:63,0
DA:67,0
LF:39
LH:0
BRDA:16,0,0,0
BRDA:16,0,1,0
BRDA:32,1,0,0
BRDA:32,1,1,0
BRDA:55,2,0,0
BRDA:55,2,1,0
BRF:6
BRH:0
end_of_record
TN:
SF:src\controllers\ticket.controller.js
FN:11,(anonymous_0)
FN:18,(anonymous_1)
FN:70,(anonymous_2)
FN:176,(anonymous_3)
FN:228,(anonymous_4)
FN:248,(anonymous_5)
FN:260,(anonymous_6)
FN:261,(anonymous_7)
FNF:8
FNH:0
FNDA:0,(anonymous_0)
FNDA:0,(anonymous_1)
FNDA:0,(anonymous_2)
FNDA:0,(anonymous_3)
FNDA:0,(anonymous_4)
FNDA:0,(anonymous_5)
FNDA:0,(anonymous_6)
FNDA:0,(anonymous_7)
DA:1,0
DA:2,0
DA:3,0
DA:4,0
DA:5,0
DA:6,0
DA:7,0
DA:8,0
DA:12,0
DA:13,0
DA:14,0
DA:18,0
DA:19,0
DA:21,0
DA:22,0
DA:23,0
DA:26,0
DA:27,0
DA:30,0
DA:33,0
DA:34,0
DA:37,0
DA:40,0
DA:46,0
DA:56,0
DA:70,0
DA:71,0
DA:72,0
DA:75,0
DA:76,0
DA:77,0
DA:80,0
DA:81,0
DA:82,0
DA:85,0
DA:90,0
DA:93,0
DA:96,0
DA:97,0
DA:100,0
DA:103,0
DA:105,0
DA:112,0
DA:123,0
DA:133,0
DA:134,0
DA:135,0
DA:144,0
DA:155,0
DA:165,0
DA:168,0
DA:171,0
DA:176,0
DA:177,0
DA:178,0
DA:181,0
DA:182,0
DA:183,0
DA:186,0
DA:187,0
DA:188,0
DA:191,0
DA:193,0
DA:194,0
DA:195,0
DA:198,0
DA:199,0
DA:200,0
DA:203,0
DA:206,0
DA:217,0
DA:228,0
DA:229,0
DA:231,0
DA:232,0
DA:233,0
DA:237,0
DA:240,0
DA:244,0
DA:247,0
DA:248,0
DA:251,0
DA:260,0
DA:261,0
DA:272,0
LF:85
LH:0
BRDA:21,0,0,0
BRDA:21,0,1,0
BRDA:21,1,0,0
BRDA:21,1,1,0
BRDA:21,1,2,0
BRDA:26,2,0,0
BRDA:26,2,1,0
BRDA:26,3,0,0
BRDA:26,3,1,0
BRDA:26,3,2,0
BRDA:33,4,0,0
BRDA:33,4,1,0
BRDA:75,5,0,0
BRDA:75,5,1,0
BRDA:80,6,0,0
BRDA:80,6,1,0
BRDA:80,7,0,0
BRDA:80,7,1,0
BRDA:85,8,0,0
BRDA:85,8,1,0
BRDA:86,9,0,0
BRDA:86,9,1,0
BRDA:86,9,2,0
BRDA:96,10,0,0
BRDA:96,10,1,0
BRDA:133,11,0,0
BRDA:133,11,1,0
BRDA:133,12,0,0
BRDA:133,12,1,0
BRDA:181,13,0,0
BRDA:181,13,1,0
BRDA:186,14,0,0
BRDA:186,14,1,0
BRDA:186,15,0,0
BRDA:186,15,1,0
BRDA:193,16,0,0
BRDA:193,16,1,0
BRDA:198,17,0,0
BRDA:198,17,1,0
BRDA:231,18,0,0
BRDA:231,18,1,0
BRF:41
BRH:0
end_of_record
TN:
SF:src\controllers\waiting-list.controller.js
FN:7,(anonymous_0)
FN:11,(anonymous_1)
FN:26,(anonymous_2)
FN:35,(anonymous_3)
FN:49,(anonymous_4)
FN:58,(anonymous_5)
FNF:6
FNH:0
FNDA:0,(anonymous_0)
FNDA:0,(anonymous_1)
FNDA:0,(anonymous_2)
FNDA:0,(anonymous_3)
FNDA:0,(anonymous_4)
FNDA:0,(anonymous_5)
DA:1,0
DA:2,0
DA:3,0
DA:4,0
DA:8,0
DA:11,0
DA:12,0
DA:13,0
DA:15,0
DA:16,0
DA:17,0
DA:20,0
DA:21,0
DA:23,0
DA:26,0
DA:27,0
DA:29,0
DA:30,0
DA:32,0
DA:35,0
DA:36,0
DA:38,0
DA:40,0
DA:41,0
DA:42,0
DA:45,0
DA:46,0
DA:49,0
DA:50,0
DA:52,0
DA:53,0
DA:55,0
DA:58,0
DA:59,0
DA:61,0
DA:63,0
DA:67,0
LF:37
LH:0
BRDA:15,0,0,0
BRDA:15,0,1,0
BRDA:40,1,0,0
BRDA:40,1,1,0
BRF:4
BRH:0
end_of_record
TN:
SF:src\middleware\auth.middleware.js
FN:6,(anonymous_0)
FN:33,(anonymous_1)
FNF:2
FNH:0
FNDA:0,(anonymous_0)
FNDA:0,(anonymous_1)
DA:1,0
DA:2,0
DA:3,0
DA:7,0
DA:8,0
DA:10,0
DA:11,0
DA:14,0
DA:16,0
DA:18,0
DA:23,0
DA:25,0
DA:26,0
DA:27,0
DA:29,0
DA:34,0
DA:35,0
DA:37,0
DA:38,0
DA:39,0
DA:40,0
DA:46,0
DA:48,0
DA:53,0
LF:24
LH:0
BRDA:10,0,0,0
BRDA:10,0,1,0
BRDA:10,1,0,0
BRDA:10,1,1,0
BRDA:25,2,0,0
BRDA:25,2,1,0
BRDA:37,3,0,0
BRDA:37,3,1,0
BRDA:37,4,0,0
BRDA:37,4,1,0
BRF:10
BRH:0
end_of_record
TN:
SF:src\middleware\index.js
FNF:0
FNH:0
DA:1,0
DA:2,0
DA:4,0
LF:3
LH:0
BRF:0
BRH:0
end_of_record
TN:
SF:src\middleware\json-parser.middleware.js
FN:8,(anonymous_0)
FN:20,(anonymous_1)
FN:31,(anonymous_2)
FN:42,(anonymous_3)
FN:57,(anonymous_4)
FNF:5
FNH:0
FNDA:0,(anonymous_0)
FNDA:0,(anonymous_1)
FNDA:0,(anonymous_2)
FNDA:0,(anonymous_3)
FNDA:0,(anonymous_4)
DA:1,0
DA:2,0
DA:3,0
DA:6,0
DA:9,0
DA:10,0
DA:12,0
DA:21,0
DA:22,0
DA:31,0
DA:32,0
DA:33,0
DA:36,0
DA:37,0
DA:38,0
DA:42,0
DA:43,0
DA:46,0
DA:47,0
DA:52,0
DA:53,0
DA:57,0
DA:58,0
DA:59,0
DA:60,0
DA:65,0
DA:66,0
DA:69,0
DA:74,0
DA:79,0
DA:84,0
DA:87,0
DA:88,0
DA:89,0
DA:92,0
DA:98,0
LF:36
LH:0
BRDA:8,0,0,0
BRDA:9,1,0,0
BRDA:9,1,1,0
BRDA:15,2,0,0
BRDA:15,2,1,0
BRDA:21,3,0,0
BRDA:21,3,1,0
BRDA:32,4,0,0
BRDA:32,4,1,0
BRDA:32,5,0,0
BRDA:32,5,1,0
BRDA:36,6,0,0
BRDA:36,6,1,0
BRDA:36,7,0,0
BRDA:36,7,1,0
BRDA:38,8,0,0
BRDA:38,8,1,0
BRDA:40,9,0,0
BRDA:40,9,1,0
BRDA:46,10,0,0
BRDA:46,10,1,0
BRDA:58,11,0,0
BRDA:58,11,1,0
BRDA:59,12,0,0
BRDA:59,12,1,0
BRDA:69,13,0,0
BRDA:69,13,1,0
BRDA:70,14,0,0
BRDA:70,14,1,0
BRDA:70,14,2,0
BRF:30
BRH:0
end_of_record
TN:
SF:src\model\entity\audit-log.entity.js
FN:4,(anonymous_0)
FN:20,(anonymous_1)
FNF:2
FNH:0
FNDA:0,(anonymous_0)
FNDA:0,(anonymous_1)
DA:1,0
DA:5,0
DA:6,0
DA:7,0
DA:8,0
DA:9,0
DA:10,0
DA:11,0
DA:12,0
DA:13,0
DA:14,0
DA:15,0
DA:16,0
DA:17,0
DA:21,0
DA:39,0
LF:16
LH:0
BRDA:5,0,0,0
BRDA:5,0,1,0
BRDA:6,1,0,0
BRDA:6,1,1,0
BRDA:7,2,0,0
BRDA:7,2,1,0
BRDA:8,3,0,0
BRDA:8,3,1,0
BRDA:9,4,0,0
BRDA:9,4,1,0
BRDA:10,5,0,0
BRDA:10,5,1,0
BRDA:11,6,0,0
BRDA:11,6,1,0
BRDA:12,7,0,0
BRDA:12,7,1,0
BRDA:13,8,0,0
BRDA:13,8,1,0
BRDA:14,9,0,0
BRDA:14,9,1,0
BRDA:15,10,0,0
BRDA:15,10,1,0
BRDA:16,11,0,0
BRDA:16,11,1,0
BRDA:17,12,0,0
BRDA:17,12,1,0
BRF:26
BRH:0
end_of_record
TN:
SF:src\model\entity\booking.entity.js
FN:4,(anonymous_0)
FN:15,(anonymous_1)
FN:19,(anonymous_2)
FN:23,(anonymous_3)
FNF:4
FNH:4
FNDA:8,(anonymous_0)
FNDA:3,(anonymous_1)
FNDA:1,(anonymous_2)
FNDA:1,(anonymous_3)
DA:1,4
DA:5,8
DA:6,8
DA:7,8
DA:8,8
DA:9,8
DA:10,8
DA:11,8
DA:12,8
DA:16,3
DA:20,1
DA:24,1
DA:37,4
LF:13
LH:13
BRDA:5,0,0,8
BRDA:5,0,1,5
BRDA:6,1,0,8
BRDA:6,1,1,4
BRDA:7,2,0,8
BRDA:7,2,1,5
BRDA:8,3,0,8
BRDA:8,3,1,5
BRDA:9,4,0,8
BRDA:9,4,1,5
BRDA:10,5,0,8
BRDA:10,5,1,3
BRDA:11,6,0,8
BRDA:11,6,1,5
BRDA:12,7,0,8
BRDA:12,7,1,5
BRDA:16,8,0,3
BRDA:16,8,1,0
BRF:18
BRH:17
end_of_record
TN:
SF:src\model\entity\event.entity.js
FN:2,(anonymous_0)
FN:14,(anonymous_1)
FN:18,(anonymous_2)
FN:22,(anonymous_3)
FN:36,(anonymous_4)
FNF:5
FNH:5
FNDA:14,(anonymous_0)
FNDA:3,(anonymous_1)
FNDA:1,(anonymous_2)
FNDA:1,(anonymous_3)
FNDA:3,(anonymous_4)
DA:3,14
DA:4,14
DA:5,14
DA:6,14
DA:7,14
DA:8,14
DA:9,14
DA:10,14
DA:11,14
DA:15,3
DA:19,1
DA:23,1
DA:37,3
DA:41,3
LF:14
LH:14
BRDA:3,0,0,14
BRDA:3,0,1,9
BRDA:4,1,0,14
BRDA:4,1,1,9
BRDA:6,2,0,14
BRDA:6,2,1,4
BRDA:7,3,0,14
BRDA:7,3,1,8
BRDA:7,3,2,4
BRDA:8,4,0,14
BRDA:8,4,1,10
BRDA:9,5,0,14
BRDA:9,5,1,7
BRDA:10,6,0,14
BRDA:10,6,1,12
BRDA:11,7,0,14
BRDA:11,7,1,12
BRDA:15,8,0,3
BRDA:15,8,1,0
BRF:19
BRH:18
end_of_record
TN:
SF:src\model\entity\order.entity.js
FN:4,(anonymous_0)
FN:28,(anonymous_1)
FN:32,(anonymous_2)
FN:36,(anonymous_3)
FN:46,(anonymous_4)
FN:53,(anonymous_5)
FNF:6
FNH:1
FNDA:2,(anonymous_0)
FNDA:0,(anonymous_1)
FNDA:0,(anonymous_2)
FNDA:0,(anonymous_3)
FNDA:0,(anonymous_4)
FNDA:0,(anonymous_5)
DA:1,1
DA:5,2
DA:6,2
DA:7,2
DA:8,2
DA:9,2
DA:10,2
DA:11,2
DA:12,2
DA:13,2
DA:14,2
DA:15,2
DA:16,2
DA:17,2
DA:18,2
DA:19,2
DA:20,2
DA:21,2
DA:22,2
DA:23,2
DA:24,2
DA:25,2
DA:29,0
DA:33,0
DA:37,0
DA:38,0
DA:39,0
DA:40,0
DA:41,0
DA:42,0
DA:47,0
DA:48,0
DA:49,0
DA:50,0
DA:54,0
DA:80,1
LF:36
LH:23
BRDA:5,0,0,2
BRDA:5,0,1,0
BRDA:6,1,0,2
BRDA:6,1,1,0
BRDA:7,2,0,2
BRDA:7,2,1,0
BRDA:8,3,0,2
BRDA:8,3,1,0
BRDA:9,4,0,2
BRDA:9,4,1,0
BRDA:10,5,0,2
BRDA:10,5,1,0
BRDA:11,6,0,2
BRDA:11,6,1,0
BRDA:12,7,0,2
BRDA:12,7,1,0
BRDA:13,8,0,2
BRDA:13,8,1,0
BRDA:21,9,0,2
BRDA:21,9,1,0
BRDA:22,10,0,2
BRDA:22,10,1,0
BRDA:23,11,0,2
BRDA:23,11,1,0
BRDA:29,12,0,0
BRDA:29,12,1,0
BRDA:41,13,0,0
BRDA:41,13,1,0
BRDA:48,14,0,0
BRDA:48,14,1,0
BRF:30
BRH:12
end_of_record
TN:
SF:src\model\entity\user.entity.js
FN:2,(anonymous_0)
FN:14,(anonymous_1)
FNF:2
FNH:2
FNDA:5,(anonymous_0)
FNDA:1,(anonymous_1)
DA:3,5
DA:4,5
DA:5,5
DA:6,5
DA:7,5
DA:8,5
DA:9,5
DA:10,5
DA:11,5
DA:15,1
DA:28,2
LF:11
LH:11
BRDA:3,0,0,5
BRDA:3,0,1,3
BRDA:4,1,0,5
BRDA:4,1,1,1
BRDA:5,2,0,5
BRDA:5,2,1,3
BRDA:8,3,0,3
BRDA:8,3,1,2
BRDA:9,4,0,5
BRDA:9,4,1,3
BRDA:10,5,0,5
BRDA:10,5,1,3
BRF:12
BRH:12
end_of_record
TN:
SF:src\model\entity\waiting-list.entity.js
FN:4,(anonymous_0)
FN:18,(anonymous_1)
FN:22,(anonymous_2)
FN:26,(anonymous_3)
FNF:4
FNH:0
FNDA:0,(anonymous_0)
FNDA:0,(anonymous_1)
FNDA:0,(anonymous_2)
FNDA:0,(anonymous_3)
DA:1,0
DA:5,0
DA:6,0
DA:7,0
DA:8,0
DA:9,0
DA:10,0
DA:11,0
DA:12,0
DA:13,0
DA:14,0
DA:15,0
DA:19,0
DA:23,0
DA:27,0
DA:43,0
LF:16
LH:0
BRDA:5,0,0,0
BRDA:5,0,1,0
BRDA:6,1,0,0
BRDA:6,1,1,0
BRDA:7,2,0,0
BRDA:7,2,1,0
BRDA:8,3,0,0
BRDA:8,3,1,0
BRDA:9,4,0,0
BRDA:9,4,1,0
BRDA:10,5,0,0
BRDA:10,5,1,0
BRDA:13,6,0,0
BRDA:13,6,1,0
BRDA:14,7,0,0
BRDA:14,7,1,0
BRDA:15,8,0,0
BRDA:15,8,1,0
BRDA:19,9,0,0
BRDA:19,9,1,0
BRF:20
BRH:0
end_of_record
TN:
SF:src\model\request\booking\create-booking.request.js
FN:2,(anonymous_0)
FN:8,(anonymous_1)
FNF:2
FNH:2
FNDA:12,(anonymous_0)
FNDA:12,(anonymous_1)
DA:3,12
DA:4,12
DA:5,12
DA:9,12
DA:11,12
DA:12,3
DA:15,12
DA:16,3
DA:19,12
DA:20,4
DA:23,12
DA:24,2
DA:27,12
DA:28,1
DA:31,12
DA:38,1
LF:16
LH:16
BRDA:11,0,0,3
BRDA:11,0,1,9
BRDA:11,1,0,12
BRDA:11,1,1,11
BRDA:15,2,0,3
BRDA:15,2,1,9
BRDA:15,3,0,12
BRDA:15,3,1,10
BRDA:19,4,0,4
BRDA:19,4,1,8
BRDA:19,5,0,12
BRDA:19,5,1,10
BRDA:23,6,0,2
BRDA:23,6,1,10
BRDA:27,7,0,1
BRDA:27,7,1,11
BRF:16
BRH:16
end_of_record
TN:
SF:src\model\request\event\create-event.request.js
FN:2,(anonymous_0)
FN:8,(anonymous_1)
FNF:2
FNH:2
FNDA:14,(anonymous_0)
FNDA:14,(anonymous_1)
DA:3,14
DA:4,14
DA:5,14
DA:9,14
DA:11,14
DA:12,2
DA:15,14
DA:16,1
DA:19,14
DA:20,3
DA:23,14
DA:24,2
DA:27,14
DA:28,1
DA:31,14
DA:32,1
DA:35,14
DA:42,1
LF:18
LH:18
BRDA:11,0,0,2
BRDA:11,0,1,12
BRDA:11,1,0,14
BRDA:11,1,1,13
BRDA:15,2,0,1
BRDA:15,2,1,13
BRDA:15,3,0,14
BRDA:15,3,1,13
BRDA:19,4,0,3
BRDA:19,4,1,11
BRDA:19,5,0,14
BRDA:19,5,1,12
BRDA:23,6,0,2
BRDA:23,6,1,12
BRDA:27,7,0,1
BRDA:27,7,1,13
BRDA:31,8,0,1
BRDA:31,8,1,13
BRDA:31,9,0,14
BRDA:31,9,1,13
BRF:20
BRH:20
end_of_record
TN:
SF:src\model\request\event\update-event.request.js
FN:2,(anonymous_0)
FN:8,(anonymous_1)
FNF:2
FNH:2
FNDA:16,(anonymous_0)
FNDA:16,(anonymous_1)
DA:3,16
DA:4,16
DA:5,16
DA:9,16
DA:11,16
DA:12,7
DA:13,2
DA:15,7
DA:16,1
DA:20,16
DA:21,7
DA:22,3
DA:24,7
DA:25,1
DA:27,7
DA:28,1
DA:32,16
DA:33,2
DA:36,16
DA:43,1
LF:20
LH:20
BRDA:11,0,0,7
BRDA:11,0,1,9
BRDA:12,1,0,2
BRDA:12,1,1,5
BRDA:15,2,0,1
BRDA:15,2,1,6
BRDA:20,3,0,7
BRDA:20,3,1,9
BRDA:21,4,0,3
BRDA:21,4,1,4
BRDA:24,5,0,1
BRDA:24,5,1,6
BRDA:27,6,0,1
BRDA:27,6,1,6
BRDA:32,7,0,2
BRDA:32,7,1,14
BRDA:32,8,0,16
BRDA:32,8,1,5
BRF:18
BRH:18
end_of_record
TN:
SF:src\model\request\order\create-order.request.js
FN:2,(anonymous_0)
FN:16,(anonymous_1)
FNF:2
FNH:2
FNDA:16,(anonymous_0)
FNDA:15,(anonymous_1)
DA:3,16
DA:4,16
DA:5,16
DA:6,16
DA:7,16
DA:8,16
DA:9,16
DA:10,16
DA:11,16
DA:12,16
DA:13,16
DA:17,15
DA:19,15
DA:20,3
DA:23,15
DA:24,2
DA:27,15
DA:28,2
DA:31,15
DA:32,4
DA:35,15
DA:36,1
DA:39,15
DA:40,2
DA:43,15
DA:44,2
DA:47,15
DA:54,1
LF:28
LH:28
BRDA:7,0,0,16
BRDA:7,0,1,12
BRDA:19,1,0,3
BRDA:19,1,1,12
BRDA:19,2,0,15
BRDA:19,2,1,14
BRDA:23,3,0,2
BRDA:23,3,1,13
BRDA:23,4,0,15
BRDA:23,4,1,13
BRDA:27,5,0,2
BRDA:27,5,1,13
BRDA:27,6,0,15
BRDA:27,6,1,14
BRDA:31,7,0,4
BRDA:31,7,1,11
BRDA:31,8,0,15
BRDA:31,8,1,13
BRDA:35,9,0,1
BRDA:35,9,1,14
BRDA:39,10,0,2
BRDA:39,10,1,13
BRDA:39,11,0,15
BRDA:39,11,1,3
BRDA:43,12,0,2
BRDA:43,12,1,13
BRDA:43,13,0,15
BRDA:43,13,1,15
BRF:28
BRH:28
end_of_record
TN:
SF:src\model\request\order\update-order.request.js
FN:2,(anonymous_0)
FN:14,(anonymous_1)
FNF:2
FNH:2
FNDA:6,(anonymous_0)
FNDA:6,(anonymous_1)
DA:3,6
DA:4,6
DA:5,6
DA:6,6
DA:7,6
DA:8,6
DA:9,6
DA:10,6
DA:11,6
DA:15,6
DA:17,6
DA:18,1
DA:21,6
DA:28,1
LF:14
LH:14
BRDA:17,0,0,1
BRDA:17,0,1,5
BRDA:17,1,0,6
BRDA:17,1,1,4
BRF:4
BRH:4
end_of_record
TN:
SF:src\model\request\user\login.request.js
FN:2,(anonymous_0)
FN:7,(anonymous_1)
FNF:2
FNH:2
FNDA:6,(anonymous_0)
FNDA:6,(anonymous_1)
DA:3,6
DA:4,6
DA:8,6
DA:10,6
DA:11,3
DA:14,6
DA:15,3
DA:18,6
DA:25,1
LF:9
LH:9
BRDA:10,0,0,3
BRDA:10,0,1,3
BRDA:10,1,0,6
BRDA:10,1,1,4
BRDA:14,2,0,3
BRDA:14,2,1,3
BRDA:14,3,0,6
BRDA:14,3,1,3
BRF:8
BRH:8
end_of_record
TN:
SF:src\model\request\user\register.request.js
FN:2,(anonymous_0)
FN:9,(anonymous_1)
FNF:2
FNH:2
FNDA:14,(anonymous_0)
FNDA:14,(anonymous_1)
DA:3,14
DA:4,14
DA:5,14
DA:6,14
DA:10,14
DA:12,14
DA:13,2
DA:14,12
DA:15,2
DA:18,14
DA:19,1
DA:20,13
DA:21,2
DA:24,14
DA:25,2
DA:28,14
DA:29,3
DA:32,14
DA:39,1
LF:19
LH:19
BRDA:12,0,0,2
BRDA:12,0,1,12
BRDA:12,1,0,14
BRDA:12,1,1,13
BRDA:14,2,0,2
BRDA:14,2,1,10
BRDA:18,3,0,1
BRDA:18,3,1,13
BRDA:18,4,0,14
BRDA:18,4,1,13
BRDA:20,5,0,2
BRDA:20,5,1,11
BRDA:24,6,0,2
BRDA:24,6,1,12
BRDA:24,7,0,14
BRDA:24,7,1,13
BRDA:28,8,0,3
BRDA:28,8,1,11
BRDA:28,9,0,14
BRDA:28,9,1,13
BRF:20
BRH:20
end_of_record
TN:
SF:src\model\request\waiting-list\create-waiting-list.request.js
FN:2,(anonymous_0)
FN:8,(anonymous_1)
FNF:2
FNH:2
FNDA:12,(anonymous_0)
FNDA:12,(anonymous_1)
DA:3,12
DA:4,12
DA:5,12
DA:9,12
DA:11,12
DA:12,3
DA:15,12
DA:16,3
DA:19,12
DA:20,4
DA:23,12
DA:24,2
DA:27,12
DA:28,1
DA:31,12
DA:38,1
LF:16
LH:16
BRDA:11,0,0,3
BRDA:11,0,1,9
BRDA:11,1,0,12
BRDA:11,1,1,11
BRDA:15,2,0,3
BRDA:15,2,1,9
BRDA:15,3,0,12
BRDA:15,3,1,10
BRDA:19,4,0,4
BRDA:19,4,1,8
BRDA:19,5,0,12
BRDA:19,5,1,10
BRDA:23,6,0,2
BRDA:23,6,1,10
BRDA:27,7,0,1
BRDA:27,7,1,11
BRF:16
BRH:16
end_of_record
TN:
SF:src\model\response\booking\booking.response.js
FN:4,(anonymous_0)
FN:14,(anonymous_1)
FN:18,(anonymous_2)
FN:19,(anonymous_3)
FNF:4
FNH:0
FNDA:0,(anonymous_0)
FNDA:0,(anonymous_1)
FNDA:0,(anonymous_2)
FNDA:0,(anonymous_3)
DA:1,0
DA:5,0
DA:6,0
DA:7,0
DA:8,0
DA:9,0
DA:10,0
DA:11,0
DA:15,0
DA:19,0
DA:23,0
LF:11
LH:0
BRF:0
BRH:0
end_of_record
TN:
SF:src\model\response\event\event.response.js
FN:4,(anonymous_0)
FN:15,(anonymous_1)
FN:19,(anonymous_2)
FN:20,(anonymous_3)
FNF:4
FNH:4
FNDA:1,(anonymous_0)
FNDA:1,(anonymous_1)
FNDA:2,(anonymous_2)
FNDA:1,(anonymous_3)
DA:1,1
DA:5,1
DA:6,1
DA:7,1
DA:8,1
DA:9,1
DA:10,1
DA:11,1
DA:12,0
DA:16,1
DA:20,2
DA:24,1
LF:12
LH:11
BRF:0
BRH:0
end_of_record
TN:
SF:src\model\response\order\order.response.js
FN:4,(anonymous_0)
FN:27,(anonymous_1)
FN:31,(anonymous_2)
FN:32,(anonymous_3)
FNF:4
FNH:0
FNDA:0,(anonymous_0)
FNDA:0,(anonymous_1)
FNDA:0,(anonymous_2)
FNDA:0,(anonymous_3)
DA:1,0
DA:5,0
DA:6,0
DA:7,0
DA:8,0
DA:9,0
DA:10,0
DA:11,0
DA:12,0
DA:13,0
DA:14,0
DA:15,0
DA:16,0
DA:17,0
DA:18,0
DA:19,0
DA:20,0
DA:21,0
DA:22,0
DA:23,0
DA:24,0
DA:28,0
DA:32,0
DA:36,0
LF:24
LH:0
BRF:0
BRH:0
end_of_record
TN:
SF:src\model\response\user\user.response.js
FN:4,(anonymous_0)
FN:15,(anonymous_1)
FNF:2
FNH:0
FNDA:0,(anonymous_0)
FNDA:0,(anonymous_1)
DA:1,0
DA:5,0
DA:6,0
DA:7,0
DA:8,0
DA:9,0
DA:10,0
DA:11,0
DA:12,0
DA:16,0
DA:20,0
LF:11
LH:0
BRF:0
BRH:0
end_of_record
TN:
SF:src\model\response\waiting-list\waiting-list.response.js
FN:4,(anonymous_0)
FN:17,(anonymous_1)
FN:21,(anonymous_2)
FN:22,(anonymous_3)
FNF:4
FNH:0
FNDA:0,(anonymous_0)
FNDA:0,(anonymous_1)
FNDA:0,(anonymous_2)
FNDA:0,(anonymous_3)
DA:1,0
DA:5,0
DA:6,0
DA:7,0
DA:8,0
DA:9,0
DA:10,0
DA:11,0
DA:12,0
DA:13,0
DA:14,0
DA:18,0
DA:22,0
DA:26,0
LF:14
LH:0
BRF:0
BRH:0
end_of_record
TN:
SF:src\repositories\audit-log.repository.js
FN:6,(anonymous_0)
FN:10,(anonymous_1)
FN:53,(anonymous_2)
FN:67,(anonymous_3)
FN:91,(anonymous_4)
FN:96,(anonymous_5)
FN:120,(anonymous_6)
FN:125,(anonymous_7)
FN:149,(anonymous_8)
FN:154,(anonymous_9)
FN:177,(anonymous_10)
FN:182,(anonymous_11)
FN:202,(anonymous_12)
FN:222,(anonymous_13)
FNF:14
FNH:0
FNDA:0,(anonymous_0)
FNDA:0,(anonymous_1)
FNDA:0,(anonymous_2)
FNDA:0,(anonymous_3)
FNDA:0,(anonymous_4)
FNDA:0,(anonymous_5)
FNDA:0,(anonymous_6)
FNDA:0,(anonymous_7)
FNDA:0,(anonymous_8)
FNDA:0,(anonymous_9)
FNDA:0,(anonymous_10)
FNDA:0,(anonymous_11)
FNDA:0,(anonymous_12)
FNDA:0,(anonymous_13)
DA:1,0
DA:2,0
DA:3,0
DA:7,0
DA:11,0
DA:18,0
DA:50,0
DA:54,0
DA:56,0
DA:60,0
DA:61,0
DA:64,0
DA:68,0
DA:69,0
DA:71,0
DA:78,0
DA:80,0
DA:84,0
DA:88,0
DA:90,0
DA:91,0
DA:97,0
DA:98,0
DA:100,0
DA:107,0
DA:109,0
DA:113,0
DA:117,0
DA:119,0
DA:120,0
DA:126,0
DA:127,0
DA:129,0
DA:136,0
DA:138,0
DA:142,0
DA:146,0
DA:148,0
DA:149,0
DA:155,0
DA:156,0
DA:158,0
DA:164,0
DA:166,0
DA:170,0
DA:174,0
DA:176,0
DA:177,0
DA:183,0
DA:199,0
DA:203,0
DA:219,0
DA:223,0
DA:224,0
DA:227,0
DA:245,0
LF:56
LH:0
BRDA:18,0,0,0
BRDA:18,0,1,0
BRDA:21,1,0,0
BRDA:21,1,1,0
BRDA:22,2,0,0
BRDA:22,2,1,0
BRDA:24,3,0,0
BRDA:24,3,1,0
BRDA:25,4,0,0
BRDA:25,4,1,0
BRDA:26,5,0,0
BRDA:26,5,1,0
BRDA:27,6,0,0
BRDA:27,6,1,0
BRDA:28,7,0,0
BRDA:28,7,1,0
BRDA:29,8,0,0
BRDA:29,8,1,0
BRDA:31,9,0,0
BRDA:31,9,1,0
BRDA:36,10,0,0
BRDA:36,10,1,0
BRDA:37,11,0,0
BRDA:37,11,1,0
BRDA:39,12,0,0
BRDA:39,12,1,0
BRDA:40,13,0,0
BRDA:40,13,1,0
BRDA:41,14,0,0
BRDA:41,14,1,0
BRDA:42,15,0,0
BRDA:42,15,1,0
BRDA:43,16,0,0
BRDA:43,16,1,0
BRDA:44,17,0,0
BRDA:44,17,1,0
BRDA:46,18,0,0
BRDA:46,18,1,0
BRDA:56,19,0,0
BRDA:56,19,1,0
BRDA:60,20,0,0
BRDA:60,20,1,0
BRDA:67,21,0,0
BRDA:68,22,0,0
BRDA:68,23,0,0
BRDA:68,24,0,0
BRDA:68,25,0,0
BRDA:80,26,0,0
BRDA:80,26,1,0
BRDA:84,27,0,0
BRDA:84,27,1,0
BRDA:96,28,0,0
BRDA:97,29,0,0
BRDA:97,30,0,0
BRDA:97,31,0,0
BRDA:97,32,0,0
BRDA:109,33,0,0
BRDA:109,33,1,0
BRDA:113,34,0,0
BRDA:113,34,1,0
BRDA:125,35,0,0
BRDA:126,36,0,0
BRDA:126,37,0,0
BRDA:126,38,0,0
BRDA:126,39,0,0
BRDA:138,40,0,0
BRDA:138,40,1,0
BRDA:142,41,0,0
BRDA:142,41,1,0
BRDA:154,42,0,0
BRDA:155,43,0,0
BRDA:155,44,0,0
BRDA:155,45,0,0
BRDA:155,46,0,0
BRDA:166,47,0,0
BRDA:166,47,1,0
BRDA:170,48,0,0
BRDA:170,48,1,0
BRDA:199,49,0,0
BRDA:199,49,1,0
BRDA:219,50,0,0
BRDA:219,50,1,0
BRDA:223,51,0,0
BRDA:223,51,1,0
BRDA:235,52,0,0
BRDA:235,52,1,0
BRF:86
BRH:0
end_of_record
TN:
SF:src\repositories\booking.repository.js
FN:7,(anonymous_0)
FN:11,(anonymous_1)
FN:44,(anonymous_2)
FN:57,(anonymous_3)
FN:75,(anonymous_4)
FN:80,(anonymous_5)
FN:126,(anonymous_6)
FN:134,(anonymous_7)
FN:148,(anonymous_8)
FNF:9
FNH:1
FNDA:53,(anonymous_0)
FNDA:0,(anonymous_1)
FNDA:0,(anonymous_2)
FNDA:0,(anonymous_3)
FNDA:0,(anonymous_4)
FNDA:0,(anonymous_5)
FNDA:0,(anonymous_6)
FNDA:0,(anonymous_7)
FNDA:0,(anonymous_8)
DA:1,3
DA:2,3
DA:3,3
DA:4,3
DA:8,53
DA:12,0
DA:19,0
DA:41,0
DA:45,0
DA:46,0
DA:50,0
DA:51,0
DA:54,0
DA:58,0
DA:59,0
DA:61,0
DA:62,0
DA:63,0
DA:65,0
DA:72,0
DA:74,0
DA:75,0
DA:84,0
DA:85,0
DA:92,0
DA:100,0
DA:107,0
DA:115,0
DA:119,0
DA:120,0
DA:123,0
DA:127,0
DA:128,0
DA:131,0
DA:135,0
DA:141,0
DA:145,0
DA:149,0
DA:162,3
LF:39
LH:6
BRDA:19,0,0,0
BRDA:19,0,1,0
BRDA:46,1,0,0
BRDA:46,1,1,0
BRDA:50,2,0,0
BRDA:50,2,1,0
BRDA:58,3,0,0
BRDA:58,3,1,0
BRDA:59,4,0,0
BRDA:59,4,1,0
BRDA:59,5,0,0
BRDA:59,5,1,0
BRDA:72,6,0,0
BRDA:72,6,1,0
BRDA:84,7,0,0
BRDA:84,7,1,0
BRDA:115,8,0,0
BRDA:115,8,1,0
BRDA:119,9,0,0
BRDA:119,9,1,0
BRDA:119,10,0,0
BRDA:119,10,1,0
BRDA:128,11,0,0
BRDA:128,11,1,0
BRDA:131,12,0,0
BRDA:131,12,1,0
BRDA:141,13,0,0
BRDA:141,13,1,0
BRF:28
BRH:0
end_of_record
TN:
SF:src\repositories\event.repository.js
FN:6,(anonymous_0)
FN:21,(anonymous_1)
FN:29,(anonymous_2)
FN:64,(anonymous_3)
FN:77,(anonymous_4)
FN:88,(anonymous_5)
FN:113,(anonymous_6)
FN:118,(anonymous_7)
FN:172,(anonymous_8)
FN:180,(anonymous_9)
FNF:10
FNH:1
FNDA:36,(anonymous_0)
FNDA:0,(anonymous_1)
FNDA:0,(anonymous_2)
FNDA:0,(anonymous_3)
FNDA:0,(anonymous_4)
FNDA:0,(anonymous_5)
FNDA:0,(anonymous_6)
FNDA:0,(anonymous_7)
FNDA:0,(anonymous_8)
FNDA:0,(anonymous_9)
DA:1,2
DA:2,2
DA:3,2
DA:7,36
DA:8,36
DA:22,0
DA:23,0
DA:24,0
DA:26,0
DA:30,0
DA:37,0
DA:61,0
DA:65,0
DA:66,0
DA:70,0
DA:71,0
DA:74,0
DA:78,0
DA:79,0
DA:81,0
DA:82,0
DA:85,0
DA:89,0
DA:90,0
DA:92,0
DA:93,0
DA:94,0
DA:96,0
DA:97,0
DA:100,0
DA:102,0
DA:108,0
DA:112,0
DA:113,0
DA:122,0
DA:123,0
DA:131,0
DA:142,0
DA:150,0
DA:161,0
DA:165,0
DA:166,0
DA:169,0
DA:173,0
DA:174,0
DA:177,0
DA:181,0
DA:195,2
LF:48
LH:6
BRDA:23,0,0,0
BRDA:23,0,1,0
BRDA:37,1,0,0
BRDA:37,1,1,0
BRDA:41,2,0,0
BRDA:41,2,1,0
BRDA:52,3,0,0
BRDA:52,3,1,0
BRDA:66,4,0,0
BRDA:66,4,1,0
BRDA:70,5,0,0
BRDA:70,5,1,0
BRDA:81,6,0,0
BRDA:81,6,1,0
BRDA:89,7,0,0
BRDA:89,7,1,0
BRDA:90,8,0,0
BRDA:90,8,1,0
BRDA:90,9,0,0
BRDA:90,9,1,0
BRDA:92,10,0,0
BRDA:92,10,1,0
BRDA:94,11,0,0
BRDA:94,11,1,0
BRDA:97,12,0,0
BRDA:97,12,1,0
BRDA:108,13,0,0
BRDA:108,13,1,0
BRDA:109,14,0,0
BRDA:109,14,1,0
BRDA:110,15,0,0
BRDA:110,15,1,0
BRDA:122,16,0,0
BRDA:122,16,1,0
BRDA:134,17,0,0
BRDA:134,17,1,0
BRDA:153,18,0,0
BRDA:153,18,1,0
BRDA:161,19,0,0
BRDA:161,19,1,0
BRDA:165,20,0,0
BRDA:165,20,1,0
BRDA:165,21,0,0
BRDA:165,21,1,0
BRDA:174,22,0,0
BRDA:174,22,1,0
BRDA:177,23,0,0
BRDA:177,23,1,0
BRF:48
BRH:0
end_of_record
TN:
SF:src\repositories\index.js
FNF:0
FNH:0
DA:1,0
DA:2,0
DA:3,0
DA:4,0
DA:5,0
DA:7,0
LF:6
LH:0
BRF:0
BRH:0
end_of_record
TN:
SF:src\repositories\order.repository.js
FN:5,(anonymous_0)
FN:9,(anonymous_1)
FN:68,(anonymous_2)
FN:81,(anonymous_3)
FN:92,(anonymous_4)
FN:113,(anonymous_5)
FN:118,(anonymous_6)
FN:139,(anonymous_7)
FN:144,(anonymous_8)
FN:155,(anonymous_9)
FN:225,(anonymous_10)
FN:234,(anonymous_11)
FN:273,(anonymous_12)
FNF:13
FNH:1
FNDA:17,(anonymous_0)
FNDA:0,(anonymous_1)
FNDA:0,(anonymous_2)
FNDA:0,(anonymous_3)
FNDA:0,(anonymous_4)
FNDA:0,(anonymous_5)
FNDA:0,(anonymous_6)
FNDA:0,(anonymous_7)
FNDA:0,(anonymous_8)
FNDA:0,(anonymous_9)
FNDA:0,(anonymous_10)
FNDA:0,(anonymous_11)
FNDA:0,(anonymous_12)
DA:1,1
DA:2,1
DA:6,17
DA:10,0
DA:17,0
DA:65,0
DA:69,0
DA:70,0
DA:74,0
DA:75,0
DA:78,0
DA:82,0
DA:83,0
DA:85,0
DA:86,0
DA:89,0
DA:94,0
DA:95,0
DA:97,0
DA:99,0
DA:100,0
DA:101,0
DA:103,0
DA:110,0
DA:112,0
DA:113,0
DA:120,0
DA:121,0
DA:123,0
DA:125,0
DA:126,0
DA:127,0
DA:129,0
DA:136,0
DA:138,0
DA:139,0
DA:145,0
DA:146,0
DA:148,0
DA:149,0
DA:152,0
DA:159,0
DA:160,0
DA:170,0
DA:187,0
DA:197,0
DA:214,0
DA:218,0
DA:219,0
DA:222,0
DA:226,0
DA:227,0
DA:231,0
DA:235,0
DA:270,0
DA:274,0
DA:300,1
LF:57
LH:4
BRDA:17,0,0,0
BRDA:17,0,1,0
BRDA:28,1,0,0
BRDA:28,1,1,0
BRDA:29,2,0,0
BRDA:29,2,1,0
BRDA:30,3,0,0
BRDA:30,3,1,0
BRDA:31,4,0,0
BRDA:31,4,1,0
BRDA:32,5,0,0
BRDA:32,5,1,0
BRDA:33,6,0,0
BRDA:33,6,1,0
BRDA:34,7,0,0
BRDA:34,7,1,0
BRDA:35,8,0,0
BRDA:35,8,1,0
BRDA:38,9,0,0
BRDA:38,9,1,0
BRDA:39,10,0,0
BRDA:39,10,1,0
BRDA:51,11,0,0
BRDA:51,11,1,0
BRDA:52,12,0,0
BRDA:52,12,1,0
BRDA:53,13,0,0
BRDA:53,13,1,0
BRDA:54,14,0,0
BRDA:54,14,1,0
BRDA:55,15,0,0
BRDA:55,15,1,0
BRDA:56,16,0,0
BRDA:56,16,1,0
BRDA:57,17,0,0
BRDA:57,17,1,0
BRDA:58,18,0,0
BRDA:58,18,1,0
BRDA:61,19,0,0
BRDA:61,19,1,0
BRDA:62,20,0,0
BRDA:62,20,1,0
BRDA:70,21,0,0
BRDA:70,21,1,0
BRDA:74,22,0,0
BRDA:74,22,1,0
BRDA:85,23,0,0
BRDA:85,23,1,0
BRDA:93,24,0,0
BRDA:93,25,0,0
BRDA:93,26,0,0
BRDA:93,27,0,0
BRDA:94,28,0,0
BRDA:94,28,1,0
BRDA:119,29,0,0
BRDA:119,30,0,0
BRDA:119,31,0,0
BRDA:119,32,0,0
BRDA:120,33,0,0
BRDA:120,33,1,0
BRDA:148,34,0,0
BRDA:148,34,1,0
BRDA:159,35,0,0
BRDA:159,35,1,0
BRDA:174,36,0,0
BRDA:174,36,1,0
BRDA:175,37,0,0
BRDA:175,37,1,0
BRDA:176,38,0,0
BRDA:176,38,1,0
BRDA:177,39,0,0
BRDA:177,39,1,0
BRDA:178,40,0,0
BRDA:178,40,1,0
BRDA:179,41,0,0
BRDA:179,41,1,0
BRDA:180,42,0,0
BRDA:180,42,1,0
BRDA:181,43,0,0
BRDA:181,43,1,0
BRDA:182,44,0,0
BRDA:182,44,1,0
BRDA:201,45,0,0
BRDA:201,45,1,0
BRDA:202,46,0,0
BRDA:202,46,1,0
BRDA:203,47,0,0
BRDA:203,47,1,0
BRDA:204,48,0,0
BRDA:204,48,1,0
BRDA:205,49,0,0
BRDA:205,49,1,0
BRDA:206,50,0,0
BRDA:206,50,1,0
BRDA:207,51,0,0
BRDA:207,51,1,0
BRDA:208,52,0,0
BRDA:208,52,1,0
BRDA:209,53,0,0
BRDA:209,53,1,0
BRDA:214,54,0,0
BRDA:214,54,1,0
BRDA:218,55,0,0
BRDA:218,55,1,0
BRDA:227,56,0,0
BRDA:227,56,1,0
BRDA:231,57,0,0
BRDA:231,57,1,0
BRDA:270,58,0,0
BRDA:270,58,1,0
BRDA:284,59,0,0
BRDA:284,59,1,0
BRDA:285,60,0,0
BRDA:285,60,1,0
BRDA:286,61,0,0
BRDA:286,61,1,0
BRDA:287,62,0,0
BRDA:287,62,1,0
BRDA:288,63,0,0
BRDA:288,63,1,0
BRDA:289,64,0,0
BRDA:289,64,1,0
BRDA:290,65,0,0
BRDA:290,65,1,0
BRDA:294,66,0,0
BRDA:294,66,1,0
BRDA:295,67,0,0
BRDA:295,67,1,0
BRF:128
BRH:0
end_of_record
TN:
SF:src\repositories\user.repository.js
FN:6,(anonymous_0)
FN:10,(anonymous_1)
FN:43,(anonymous_2)
FN:56,(anonymous_3)
FN:69,(anonymous_4)
FN:88,(anonymous_5)
FNF:6
FNH:1
FNDA:15,(anonymous_0)
FNDA:0,(anonymous_1)
FNDA:0,(anonymous_2)
FNDA:0,(anonymous_3)
FNDA:0,(anonymous_4)
FNDA:0,(anonymous_5)
DA:1,1
DA:2,1
DA:3,1
DA:7,15
DA:11,0
DA:18,0
DA:40,0
DA:44,0
DA:45,0
DA:49,0
DA:50,0
DA:53,0
DA:57,0
DA:58,0
DA:62,0
DA:63,0
DA:66,0
DA:70,0
DA:77,0
DA:81,0
DA:82,0
DA:85,0
DA:89,0
DA:103,1
LF:24
LH:5
BRDA:18,0,0,0
BRDA:18,0,1,0
BRDA:23,1,0,0
BRDA:23,1,1,0
BRDA:24,2,0,0
BRDA:24,2,1,0
BRDA:33,3,0,0
BRDA:33,3,1,0
BRDA:34,4,0,0
BRDA:34,4,1,0
BRDA:45,5,0,0
BRDA:45,5,1,0
BRDA:49,6,0,0
BRDA:49,6,1,0
BRDA:58,7,0,0
BRDA:58,7,1,0
BRDA:62,8,0,0
BRDA:62,8,1,0
BRDA:77,9,0,0
BRDA:77,9,1,0
BRDA:81,10,0,0
BRDA:81,10,1,0
BRF:22
BRH:0
end_of_record
TN:
SF:src\repositories\waiting-list.repository.js
FN:6,(anonymous_0)
FN:10,(anonymous_1)
FN:49,(anonymous_2)
FN:62,(anonymous_3)
FN:87,(anonymous_4)
FN:90,(anonymous_5)
FN:110,(anonymous_6)
FN:160,(anonymous_7)
FN:168,(anonymous_8)
FN:179,(anonymous_9)
FNF:10
FNH:0
FNDA:0,(anonymous_0)
FNDA:0,(anonymous_1)
FNDA:0,(anonymous_2)
FNDA:0,(anonymous_3)
FNDA:0,(anonymous_4)
FNDA:0,(anonymous_5)
FNDA:0,(anonymous_6)
FNDA:0,(anonymous_7)
FNDA:0,(anonymous_8)
FNDA:0,(anonymous_9)
DA:1,0
DA:2,0
DA:3,0
DA:7,0
DA:11,0
DA:18,0
DA:46,0
DA:50,0
DA:51,0
DA:55,0
DA:56,0
DA:59,0
DA:66,0
DA:67,0
DA:73,0
DA:75,0
DA:80,0
DA:83,0
DA:87,0
DA:91,0
DA:99,0
DA:103,0
DA:104,0
DA:107,0
DA:114,0
DA:115,0
DA:122,0
DA:132,0
DA:139,0
DA:149,0
DA:153,0
DA:154,0
DA:157,0
DA:161,0
DA:162,0
DA:165,0
DA:169,0
DA:175,0
DA:176,0
DA:180,0
DA:196,0
LF:41
LH:0
BRDA:18,0,0,0
BRDA:18,0,1,0
BRDA:26,1,0,0
BRDA:26,1,1,0
BRDA:27,2,0,0
BRDA:27,2,1,0
BRDA:28,3,0,0
BRDA:28,3,1,0
BRDA:39,4,0,0
BRDA:39,4,1,0
BRDA:40,5,0,0
BRDA:40,5,1,0
BRDA:41,6,0,0
BRDA:41,6,1,0
BRDA:51,7,0,0
BRDA:51,7,1,0
BRDA:55,8,0,0
BRDA:55,8,1,0
BRDA:66,9,0,0
BRDA:66,9,1,0
BRDA:83,10,0,0
BRDA:83,10,1,0
BRDA:99,11,0,0
BRDA:99,11,1,0
BRDA:103,12,0,0
BRDA:103,12,1,0
BRDA:114,13,0,0
BRDA:114,13,1,0
BRDA:126,14,0,0
BRDA:126,14,1,0
BRDA:127,15,0,0
BRDA:127,15,1,0
BRDA:143,16,0,0
BRDA:143,16,1,0
BRDA:144,17,0,0
BRDA:144,17,1,0
BRDA:149,18,0,0
BRDA:149,18,1,0
BRDA:153,19,0,0
BRDA:153,19,1,0
BRDA:153,20,0,0
BRDA:153,20,1,0
BRDA:162,21,0,0
BRDA:162,21,1,0
BRDA:165,22,0,0
BRDA:165,22,1,0
BRDA:187,23,0,0
BRDA:187,23,1,0
BRDA:188,24,0,0
BRDA:188,24,1,0
BRF:50
BRH:0
end_of_record
TN:
SF:src\routes\audit-log.routes.js
FN:19,(anonymous_0)
FN:21,(anonymous_1)
FN:23,(anonymous_2)
FN:25,(anonymous_3)
FN:27,(anonymous_4)
FN:29,(anonymous_5)
FNF:6
FNH:0
FNDA:0,(anonymous_0)
FNDA:0,(anonymous_1)
FNDA:0,(anonymous_2)
FNDA:0,(anonymous_3)
FNDA:0,(anonymous_4)
FNDA:0,(anonymous_5)
DA:1,0
DA:2,0
DA:3,0
DA:4,0
DA:6,0
DA:7,0
DA:10,0
DA:15,0
DA:17,0
DA:19,0
DA:21,0
DA:23,0
DA:25,0
DA:27,0
DA:29,0
DA:31,0
LF:16
LH:0
BRF:0
BRH:0
end_of_record
TN:
SF:src\routes\auth.routes.js
FNF:0
FNH:0
DA:8,0
DA:9,0
DA:10,0
DA:11,0
DA:13,0
DA:14,0
DA:16,0
DA:17,0
DA:85,0
DA:149,0
DA:176,0
DA:178,0
LF:12
LH:0
BRF:0
BRH:0
end_of_record
TN:
SF:src\routes\booking.routes.js
FNF:0
FNH:0
DA:8,0
DA:9,0
DA:10,0
DA:12,0
DA:13,0
DA:15,0
DA:16,0
DA:81,0
DA:103,0
DA:125,0
DA:147,0
DA:149,0
LF:12
LH:0
BRF:0
BRH:0
end_of_record
TN:
SF:src\routes\event.routes.js
FNF:0
FNH:0
DA:8,0
DA:9,0
DA:10,0
DA:12,0
DA:13,0
DA:15,0
DA:16,0
DA:40,0
DA:62,0
DA:84,0
DA:141,0
DA:163,0
DA:165,0
LF:13
LH:0
BRF:0
BRH:0
end_of_record
TN:
SF:src\routes\order.routes.js
FNF:0
FNH:0
DA:8,0
DA:9,0
DA:10,0
DA:12,0
DA:13,0
DA:15,0
DA:16,0
DA:116,0
DA:138,0
DA:160,0
DA:238,0
DA:240,0
LF:12
LH:0
BRF:0
BRH:0
end_of_record
TN:
SF:src\routes\ticket.routes.js
FNF:0
FNH:0
DA:8,0
DA:9,0
DA:10,0
DA:11,0
DA:13,0
DA:14,0
DA:16,0
DA:17,0
DA:90,0
DA:204,0
DA:272,0
DA:339,0
DA:341,0
LF:13
LH:0
BRF:0
BRH:0
end_of_record
TN:
SF:src\routes\waiting-list.routes.js
FNF:0
FNH:0
DA:8,0
DA:9,0
DA:10,0
DA:12,0
DA:13,0
DA:15,0
DA:17,0
DA:82,0
DA:104,0
DA:126,0
DA:148,0
DA:186,0
DA:188,0
LF:13
LH:0
BRF:0
BRH:0
end_of_record
TN:
SF:src\services\audit-log.service.js
FN:8,(anonymous_0)
FN:18,(anonymous_1)
FN:59,(anonymous_2)
FN:74,(anonymous_3)
FN:88,(anonymous_4)
FN:101,(anonymous_5)
FN:114,(anonymous_6)
FNF:7
FNH:0
FNDA:0,(anonymous_0)
FNDA:0,(anonymous_1)
FNDA:0,(anonymous_2)
FNDA:0,(anonymous_3)
FNDA:0,(anonymous_4)
FNDA:0,(anonymous_5)
FNDA:0,(anonymous_6)
DA:1,0
DA:2,0
DA:3,0
DA:4,0
DA:5,0
DA:9,0
DA:19,0
DA:20,0
DA:36,0
DA:39,0
DA:45,0
DA:48,0
DA:49,0
DA:60,0
DA:61,0
DA:63,0
DA:75,0
DA:76,0
DA:78,0
DA:89,0
DA:90,0
DA:92,0
DA:102,0
DA:103,0
DA:105,0
DA:115,0
DA:116,0
DA:118,0
DA:123,0
LF:29
LH:0
BRDA:22,0,0,0
BRDA:22,0,1,0
BRDA:23,1,0,0
BRDA:23,1,1,0
BRDA:25,2,0,0
BRDA:25,2,1,0
BRDA:26,3,0,0
BRDA:26,3,1,0
BRDA:27,4,0,0
BRDA:27,4,1,0
BRDA:28,5,0,0
BRDA:28,5,1,0
BRDA:29,6,0,0
BRDA:29,6,1,0
BRDA:30,7,0,0
BRDA:30,7,1,0
BRDA:31,8,0,0
BRDA:31,8,1,0
BRDA:32,9,0,0
BRDA:32,9,1,0
BRDA:59,10,0,0
BRDA:74,11,0,0
BRDA:88,12,0,0
BRDA:101,13,0,0
BRF:24
BRH:0
end_of_record
TN:
SF:src\services\booking.service.js
FN:18,(anonymous_0)
FN:23,(anonymous_1)
FN:25,(anonymous_2)
FN:26,(anonymous_3)
FN:80,(anonymous_4)
FN:92,(anonymous_5)
FN:113,(anonymous_6)
FN:132,(anonymous_7)
FN:137,(anonymous_8)
FN:139,(anonymous_9)
FN:185,(anonymous_10)
FN:215,(anonymous_11)
FN:238,(anonymous_12)
FN:282,(anonymous_13)
FNF:14
FNH:10
FNDA:15,(anonymous_0)
FNDA:6,(anonymous_1)
FNDA:6,(anonymous_2)
FNDA:6,(anonymous_3)
FNDA:5,(anonymous_4)
FNDA:4,(anonymous_5)
FNDA:2,(anonymous_6)
FNDA:6,(anonymous_7)
FNDA:6,(anonymous_8)
FNDA:6,(anonymous_9)
FNDA:0,(anonymous_10)
FNDA:0,(anonymous_11)
FNDA:0,(anonymous_12)
FNDA:0,(anonymous_13)
DA:1,1
DA:2,1
DA:3,1
DA:4,1
DA:5,1
DA:6,1
DA:7,1
DA:8,1
DA:9,1
DA:15,1
DA:19,15
DA:20,15
DA:24,6
DA:26,6
DA:27,6
DA:29,5
DA:30,2
DA:34,3
DA:38,3
DA:40,3
DA:41,2
DA:46,1
DA:57,1
DA:60,1
DA:64,1
DA:65,1
DA:66,1
DA:67,1
DA:69,1
DA:71,1
DA:72,1
DA:73,1
DA:75,1
DA:81,5
DA:86,4
DA:88,1
DA:93,4
DA:94,4
DA:96,4
DA:97,1
DA:100,3
DA:101,3
DA:103,2
DA:104,1
DA:107,2
DA:109,1
DA:114,2
DA:115,2
DA:117,2
DA:118,1
DA:121,1
DA:122,1
DA:124,1
DA:126,1
DA:128,0
DA:133,6
DA:135,6
DA:138,6
DA:139,6
DA:140,6
DA:142,5
DA:143,1
DA:146,4
DA:147,2
DA:150,2
DA:155,2
DA:156,1
DA:159,1
DA:160,1
DA:162,1
DA:169,1
DA:173,1
DA:174,1
DA:175,1
DA:176,1
DA:178,1
DA:180,1
DA:181,1
DA:182,1
DA:183,1
DA:185,1
DA:186,0
DA:187,0
DA:189,0
DA:196,1
DA:199,5
DA:204,4
DA:206,1
DA:216,0
DA:217,0
DA:218,0
DA:220,0
DA:222,0
DA:223,0
DA:224,0
DA:227,0
DA:231,0
DA:233,0
DA:234,0
DA:239,0
DA:240,0
DA:243,0
DA:245,0
DA:250,0
DA:251,0
DA:252,0
DA:255,0
DA:259,0
DA:260,0
DA:262,0
DA:263,0
DA:264,0
DA:265,0
DA:266,0
DA:267,0
DA:271,0
DA:272,0
DA:274,0
DA:275,0
DA:278,0
DA:281,0
DA:283,0
DA:293,0
DA:294,0
DA:295,0
DA:297,0
DA:299,0
DA:300,0
DA:304,0
DA:305,0
DA:310,0
DA:311,0
DA:312,0
DA:313,0
DA:314,0
DA:315,0
DA:316,0
DA:320,0
DA:329,0
DA:333,0
DA:334,0
DA:339,1
LF:142
LH:85
BRDA:29,0,0,2
BRDA:29,0,1,3
BRDA:40,1,0,2
BRDA:40,1,1,1
BRDA:81,2,0,4
BRDA:81,2,1,1
BRDA:82,3,0,5
BRDA:82,3,1,3
BRDA:82,3,2,1
BRDA:96,4,0,1
BRDA:96,4,1,3
BRDA:103,5,0,1
BRDA:103,5,1,1
BRDA:117,6,0,1
BRDA:117,6,1,1
BRDA:142,7,0,1
BRDA:142,7,1,4
BRDA:146,8,0,2
BRDA:146,8,1,2
BRDA:155,9,0,1
BRDA:155,9,1,1
BRDA:199,10,0,4
BRDA:199,10,1,1
BRDA:200,11,0,5
BRDA:200,11,1,3
BRDA:200,11,2,1
BRDA:222,12,0,0
BRDA:222,12,1,0
BRDA:250,13,0,0
BRDA:250,13,1,0
BRDA:265,14,0,0
BRDA:265,14,1,0
BRDA:274,15,0,0
BRDA:274,15,1,0
BRDA:310,16,0,0
BRDA:310,16,1,0
BRF:36
BRH:26
end_of_record
TN:
SF:src\services\event.service.js
FN:16,(anonymous_0)
FN:21,(anonymous_1)
FN:33,(anonymous_2)
FN:46,(anonymous_3)
FN:67,(anonymous_4)
FN:100,(anonymous_5)
FN:105,(anonymous_6)
FN:107,(anonymous_7)
FN:160,(anonymous_8)
FN:165,(anonymous_9)
FN:172,(anonymous_10)
FN:192,(anonymous_11)
FNF:12
FNH:12
FNDA:21,(anonymous_0)
FNDA:3,(anonymous_1)
FNDA:3,(anonymous_2)
FNDA:7,(anonymous_3)
FNDA:3,(anonymous_4)
FNDA:4,(anonymous_5)
FNDA:4,(anonymous_6)
FNDA:4,(anonymous_7)
FNDA:3,(anonymous_8)
FNDA:3,(anonymous_9)
FNDA:2,(anonymous_10)
FNDA:4,(anonymous_11)
DA:1,1
DA:2,1
DA:3,1
DA:4,1
DA:5,1
DA:6,1
DA:7,1
DA:12,1
DA:13,1
DA:17,21
DA:18,21
DA:22,3
DA:23,3
DA:33,3
DA:34,3
DA:37,2
DA:38,2
DA:40,2
DA:42,1
DA:47,7
DA:48,7
DA:50,7
DA:51,1
DA:54,6
DA:55,6
DA:57,5
DA:58,3
DA:61,5
DA:63,1
DA:68,3
DA:69,3
DA:71,3
DA:72,1
DA:75,2
DA:76,2
DA:77,2
DA:79,1
DA:92,1
DA:94,1
DA:96,1
DA:101,4
DA:103,4
DA:106,4
DA:107,4
DA:108,4
DA:110,4
DA:111,1
DA:114,3
DA:118,1
DA:121,2
DA:122,1
DA:124,2
DA:125,1
DA:127,2
DA:128,1
DA:129,1
DA:130,1
DA:131,1
DA:137,2
DA:138,2
DA:140,2
DA:143,2
DA:144,2
DA:146,2
DA:148,2
DA:149,2
DA:151,0
DA:161,3
DA:163,3
DA:166,3
DA:167,3
DA:168,3
DA:169,1
DA:172,2
DA:173,2
DA:176,1
DA:177,1
DA:178,1
DA:181,1
DA:183,1
DA:193,4
DA:194,4
DA:196,4
DA:197,1
DA:200,3
DA:201,3
DA:202,3
DA:203,1
DA:206,2
DA:210,2
DA:211,2
DA:213,2
DA:222,2
DA:224,2
DA:226,1
DA:227,1
DA:229,0
DA:234,1
LF:98
LH:96
BRDA:50,0,0,1
BRDA:50,0,1,6
BRDA:57,1,0,3
BRDA:57,1,1,2
BRDA:68,2,0,3
BRDA:68,2,1,1
BRDA:71,3,0,1
BRDA:71,3,1,2
BRDA:82,4,0,1
BRDA:82,4,1,1
BRDA:83,5,0,1
BRDA:83,5,1,1
BRDA:85,6,0,1
BRDA:85,6,1,1
BRDA:87,7,0,1
BRDA:87,7,1,1
BRDA:87,8,0,1
BRDA:87,8,1,1
BRDA:88,9,0,1
BRDA:88,9,1,1
BRDA:110,10,0,1
BRDA:110,10,1,3
BRDA:114,11,0,1
BRDA:114,11,1,2
BRDA:115,12,0,3
BRDA:115,12,1,1
BRDA:121,13,0,1
BRDA:121,13,1,1
BRDA:124,14,0,1
BRDA:124,14,1,1
BRDA:127,15,0,1
BRDA:127,15,1,1
BRDA:148,16,0,2
BRDA:148,16,1,0
BRDA:148,17,0,2
BRDA:148,17,1,1
BRDA:168,18,0,1
BRDA:168,18,1,2
BRDA:176,19,0,1
BRDA:176,19,1,0
BRDA:196,20,0,1
BRDA:196,20,1,3
BRDA:202,21,0,1
BRDA:202,21,1,2
BRDA:226,22,0,1
BRDA:226,22,1,0
BRF:46
BRH:43
end_of_record
TN:
SF:src\services\order.service.js
FN:15,(anonymous_0)
FN:20,(anonymous_1)
FN:22,(anonymous_2)
FN:77,(anonymous_3)
FN:98,(anonymous_4)
FN:107,(anonymous_5)
FN:109,(anonymous_6)
FN:161,(anonymous_7)
FNF:8
FNH:8
FNDA:17,(anonymous_0)
FNDA:7,(anonymous_1)
FNDA:7,(anonymous_2)
FNDA:3,(anonymous_3)
FNDA:3,(anonymous_4)
FNDA:4,(anonymous_5)
FNDA:4,(anonymous_6)
FNDA:3,(anonymous_7)
DA:1,1
DA:2,1
DA:3,1
DA:4,1
DA:5,1
DA:6,1
DA:7,1
DA:12,1
DA:16,17
DA:17,17
DA:21,7
DA:22,7
DA:23,7
DA:27,6
DA:28,2
DA:31,4
DA:34,4
DA:35,2
DA:38,2
DA:40,2
DA:61,2
DA:63,2
DA:64,2
DA:65,2
DA:67,2
DA:70,5
DA:71,4
DA:73,1
DA:78,3
DA:79,3
DA:81,3
DA:82,1
DA:85,2
DA:86,2
DA:88,2
DA:89,1
DA:92,2
DA:94,0
DA:99,3
DA:100,3
DA:101,2
DA:103,1
DA:108,4
DA:109,4
DA:110,4
DA:112,4
DA:113,1
DA:116,3
DA:117,3
DA:118,1
DA:119,3
DA:120,0
DA:121,3
DA:122,1
DA:123,3
DA:124,1
DA:125,3
DA:126,0
DA:127,3
DA:128,0
DA:129,3
DA:130,0
DA:131,3
DA:133,3
DA:134,0
DA:135,3
DA:136,0
DA:138,3
DA:141,3
DA:147,3
DA:148,3
DA:149,3
DA:151,3
DA:154,1
DA:155,1
DA:157,0
DA:162,3
DA:163,3
DA:164,3
DA:168,1
LF:80
LH:72
BRDA:27,0,0,2
BRDA:27,0,1,4
BRDA:34,1,0,2
BRDA:34,1,1,2
BRDA:47,2,0,2
BRDA:47,2,1,1
BRDA:70,3,0,4
BRDA:70,3,1,1
BRDA:70,4,0,5
BRDA:70,4,1,3
BRDA:81,5,0,1
BRDA:81,5,1,2
BRDA:88,6,0,1
BRDA:88,6,1,1
BRDA:112,7,0,1
BRDA:112,7,1,3
BRDA:116,8,0,2
BRDA:116,8,1,1
BRDA:117,9,0,1
BRDA:117,9,1,2
BRDA:119,10,0,0
BRDA:119,10,1,3
BRDA:121,11,0,1
BRDA:121,11,1,2
BRDA:123,12,0,1
BRDA:123,12,1,2
BRDA:125,13,0,0
BRDA:125,13,1,3
BRDA:127,14,0,0
BRDA:127,14,1,3
BRDA:129,15,0,0
BRDA:129,15,1,3
BRDA:131,16,0,0
BRDA:131,16,1,3
BRDA:133,17,0,0
BRDA:133,17,1,3
BRDA:133,18,0,3
BRDA:133,18,1,1
BRDA:135,19,0,0
BRDA:135,19,1,3
BRDA:135,20,0,3
BRDA:135,20,1,1
BRDA:154,21,0,1
BRDA:154,21,1,0
BRF:44
BRH:36
end_of_record
TN:
SF:src\services\user.service.js
FN:14,(anonymous_0)
FN:18,(anonymous_1)
FN:20,(anonymous_2)
FN:51,(anonymous_3)
FN:80,(anonymous_4)
FN:97,(anonymous_5)
FNF:6
FNH:6
FNDA:15,(anonymous_0)
FNDA:2,(anonymous_1)
FNDA:2,(anonymous_2)
FNDA:5,(anonymous_3)
FNDA:4,(anonymous_4)
FNDA:4,(anonymous_5)
DA:1,1
DA:2,1
DA:3,1
DA:4,1
DA:5,1
DA:11,1
DA:15,15
DA:19,2
DA:20,2
DA:21,2
DA:23,2
DA:24,2
DA:27,0
DA:28,0
DA:30,0
DA:41,0
DA:44,2
DA:45,2
DA:47,0
DA:52,5
DA:53,5
DA:55,4
DA:56,2
DA:59,2
DA:60,2
DA:63,0
DA:65,0
DA:66,0
DA:69,0
DA:71,0
DA:73,5
DA:74,4
DA:76,1
DA:81,4
DA:82,4
DA:84,3
DA:85,2
DA:88,1
DA:90,3
DA:91,2
DA:93,1
DA:98,4
DA:99,4
DA:101,3
DA:102,2
DA:105,1
DA:107,3
DA:108,2
DA:110,1
DA:115,1
LF:50
LH:40
BRDA:23,0,0,2
BRDA:23,0,1,0
BRDA:44,1,0,2
BRDA:44,1,1,0
BRDA:55,2,0,2
BRDA:55,2,1,2
BRDA:59,3,0,2
BRDA:59,3,1,0
BRDA:65,4,0,0
BRDA:65,4,1,0
BRDA:73,5,0,4
BRDA:73,5,1,1
BRDA:84,6,0,2
BRDA:84,6,1,1
BRDA:90,7,0,2
BRDA:90,7,1,1
BRDA:101,8,0,2
BRDA:101,8,1,1
BRDA:107,9,0,2
BRDA:107,9,1,1
BRF:20
BRH:15
end_of_record
TN:
SF:src\services\waiting-list.service.js
FN:17,(anonymous_0)
FN:23,(anonymous_1)
FN:25,(anonymous_2)
FN:37,(anonymous_3)
FN:79,(anonymous_4)
FN:81,(anonymous_5)
FN:148,(anonymous_6)
FN:167,(anonymous_7)
FN:188,(anonymous_8)
FN:190,(anonymous_9)
FNF:10
FNH:0
FNDA:0,(anonymous_0)
FNDA:0,(anonymous_1)
FNDA:0,(anonymous_2)
FNDA:0,(anonymous_3)
FNDA:0,(anonymous_4)
FNDA:0,(anonymous_5)
FNDA:0,(anonymous_6)
FNDA:0,(anonymous_7)
FNDA:0,(anonymous_8)
FNDA:0,(anonymous_9)
DA:1,0
DA:2,0
DA:3,0
DA:4,0
DA:5,0
DA:6,0
DA:7,0
DA:8,0
DA:9,0
DA:14,0
DA:18,0
DA:19,0
DA:20,0
DA:24,0
DA:25,0
DA:26,0
DA:27,0
DA:28,0
DA:31,0
DA:36,0
DA:37,0
DA:40,0
DA:41,0
DA:46,0
DA:50,0
DA:62,0
DA:67,0
DA:69,0
DA:72,0
DA:73,0
DA:75,0
DA:80,0
DA:81,0
DA:82,0
DA:83,0
DA:84,0
DA:88,0
DA:92,0
DA:94,0
DA:95,0
DA:96,0
DA:99,0
DA:105,0
DA:106,0
DA:107,0
DA:110,0
DA:111,0
DA:113,0
DA:114,0
DA:115,0
DA:118,0
DA:119,0
DA:120,0
DA:122,0
DA:128,0
DA:129,0
DA:131,0
DA:136,0
DA:137,0
DA:140,0
DA:143,0
DA:144,0
DA:149,0
DA:150,0
DA:152,0
DA:153,0
DA:156,0
DA:157,0
DA:159,0
DA:161,0
DA:163,0
DA:168,0
DA:169,0
DA:171,0
DA:172,0
DA:175,0
DA:176,0
DA:178,0
DA:179,0
DA:182,0
DA:184,0
DA:189,0
DA:190,0
DA:191,0
DA:193,0
DA:194,0
DA:197,0
DA:198,0
DA:201,0
DA:202,0
DA:204,0
DA:210,0
DA:211,0
DA:213,0
DA:216,0
DA:217,0
DA:219,0
DA:224,0
LF:98
LH:0
BRDA:27,0,0,0
BRDA:27,0,1,0
BRDA:37,1,0,0
BRDA:37,1,1,0
BRDA:40,2,0,0
BRDA:40,2,1,0
BRDA:72,3,0,0
BRDA:72,3,1,0
BRDA:72,4,0,0
BRDA:72,4,1,0
BRDA:83,5,0,0
BRDA:83,5,1,0
BRDA:94,6,0,0
BRDA:94,6,1,0
BRDA:105,7,0,0
BRDA:105,7,1,0
BRDA:114,8,0,0
BRDA:114,8,1,0
BRDA:136,9,0,0
BRDA:136,9,1,0
BRDA:152,10,0,0
BRDA:152,10,1,0
BRDA:171,11,0,0
BRDA:171,11,1,0
BRDA:178,12,0,0
BRDA:178,12,1,0
BRDA:193,13,0,0
BRDA:193,13,1,0
BRDA:197,14,0,0
BRDA:197,14,1,0
BRDA:216,15,0,0
BRDA:216,15,1,0
BRDA:216,16,0,0
BRDA:216,16,1,0
BRF:34
BRH:0
end_of_record
TN:
SF:src\types\booking.types.js
FNF:0
FNH:0
DA:36,0
LF:1
LH:0
BRF:0
BRH:0
end_of_record
TN:
SF:src\types\event.types.js
FNF:0
FNH:0
DA:40,0
LF:1
LH:0
BRF:0
BRH:0
end_of_record
TN:
SF:src\types\order.types.js
FNF:0
FNH:0
DA:78,0
LF:1
LH:0
BRF:0
BRH:0
end_of_record
TN:
SF:src\types\user.types.js
FNF:0
FNH:0
DA:46,0
LF:1
LH:0
BRF:0
BRH:0
end_of_record
TN:
SF:src\types\waiting-list.types.js
FNF:0
FNH:0
DA:43,0
LF:1
LH:0
BRF:0
BRH:0
end_of_record
TN:
SF:src\utils\audit-log.util.js
FN:8,(anonymous_0)
FN:17,(anonymous_1)
FN:29,(anonymous_2)
FN:50,(anonymous_3)
FN:77,(anonymous_4)
FN:92,(anonymous_5)
FN:108,(anonymous_6)
FNF:7
FNH:0
FNDA:0,(anonymous_0)
FNDA:0,(anonymous_1)
FNDA:0,(anonymous_2)
FNDA:0,(anonymous_3)
FNDA:0,(anonymous_4)
FNDA:0,(anonymous_5)
FNDA:0,(anonymous_6)
DA:1,0
DA:9,0
DA:18,0
DA:30,0
DA:51,0
DA:52,0
DA:54,0
DA:78,0
DA:93,0
DA:109,0
DA:110,0
DA:119,0
DA:121,0
LF:13
LH:0
BRDA:19,0,0,0
BRDA:19,0,1,0
BRDA:20,1,0,0
BRDA:20,1,1,0
BRDA:31,2,0,0
BRDA:31,2,1,0
BRDA:31,2,2,0
BRDA:32,3,0,0
BRDA:32,3,1,0
BRDA:50,4,0,0
BRDA:59,5,0,0
BRDA:59,5,1,0
BRDA:60,6,0,0
BRDA:60,6,1,0
BRDA:61,7,0,0
BRDA:61,7,1,0
BRDA:62,8,0,0
BRDA:62,8,1,0
BRDA:63,9,0,0
BRDA:63,9,1,0
BRDA:64,10,0,0
BRDA:64,10,1,0
BRDA:77,11,0,0
BRDA:92,12,0,0
BRDA:108,13,0,0
BRDA:109,14,0,0
BRDA:109,14,1,0
BRF:27
BRH:0
end_of_record
TN:
SF:src\utils\cache.util.js
FN:5,(anonymous_0)
FN:15,(anonymous_1)
FN:30,(anonymous_2)
FN:34,(anonymous_3)
FN:38,(anonymous_4)
FN:52,(anonymous_5)
FN:66,(anonymous_6)
FN:77,(anonymous_7)
FNF:8
FNH:7
FNDA:21,(anonymous_0)
FNDA:17,(anonymous_1)
FNDA:2,(anonymous_2)
FNDA:33,(anonymous_3)
FNDA:3,(anonymous_4)
FNDA:3,(anonymous_5)
FNDA:1,(anonymous_6)
FNDA:0,(anonymous_7)
DA:2,4
DA:3,4
DA:6,21
DA:7,21
DA:9,21
DA:16,17
DA:18,17
DA:19,9
DA:22,8
DA:23,1
DA:24,1
DA:27,7
DA:31,2
DA:35,33
DA:39,3
DA:40,3
DA:41,1
DA:44,2
DA:45,1
DA:46,1
DA:49,1
DA:53,3
DA:54,3
DA:56,3
DA:57,8
DA:58,4
DA:59,4
DA:63,3
DA:67,1
DA:68,1
DA:69,2
DA:70,1
DA:76,4
DA:77,4
DA:78,0
DA:82,4
LF:36
LH:35
BRDA:6,0,0,21
BRDA:6,0,1,16
BRDA:18,1,0,9
BRDA:18,1,1,8
BRDA:22,2,0,1
BRDA:22,2,1,7
BRDA:40,3,0,1
BRDA:40,3,1,2
BRDA:44,4,0,1
BRDA:44,4,1,1
BRDA:57,5,0,4
BRDA:57,5,1,4
BRDA:69,6,0,1
BRDA:69,6,1,1
BRDA:76,7,0,4
BRDA:76,7,1,0
BRF:16
BRH:15
end_of_record
TN:
SF:src\utils\custom-errors.util.js
FN:2,(anonymous_0)
FN:12,(anonymous_1)
FN:20,(anonymous_2)
FN:30,(anonymous_3)
FN:37,(anonymous_4)
FN:44,(anonymous_5)
FN:51,(anonymous_6)
FN:61,(anonymous_7)
FNF:8
FNH:8
FNDA:55,(anonymous_0)
FNDA:2,(anonymous_1)
FNDA:15,(anonymous_2)
FNDA:9,(anonymous_3)
FNDA:6,(anonymous_4)
FNDA:2,(anonymous_5)
FNDA:15,(anonymous_6)
FNDA:3,(anonymous_7)
DA:3,55
DA:4,55
DA:5,55
DA:7,55
DA:13,2
DA:14,2
DA:15,2
DA:21,15
DA:24,15
DA:25,15
DA:31,9
DA:32,9
DA:38,6
DA:39,6
DA:45,2
DA:46,2
DA:52,15
DA:53,15
DA:54,15
DA:55,13
DA:62,3
DA:63,3
DA:67,5
LF:23
LH:23
BRDA:2,0,0,1
BRDA:2,1,0,39
BRDA:12,2,0,1
BRDA:21,3,0,14
BRDA:21,3,1,1
BRDA:37,4,0,1
BRDA:44,5,0,1
BRDA:54,6,0,13
BRDA:54,6,1,2
BRDA:61,7,0,1
BRF:10
BRH:10
end_of_record
TN:
SF:src\utils\database.connection.js
FN:6,(anonymous_0)
FN:10,(anonymous_1)
FN:15,(anonymous_2)
FN:20,(anonymous_3)
FN:28,(anonymous_4)
FN:46,(anonymous_5)
FN:58,(anonymous_6)
FN:66,(anonymous_7)
FNF:8
FNH:1
FNDA:5,(anonymous_0)
FNDA:0,(anonymous_1)
FNDA:0,(anonymous_2)
FNDA:0,(anonymous_3)
FNDA:0,(anonymous_4)
FNDA:0,(anonymous_5)
FNDA:0,(anonymous_6)
FNDA:0,(anonymous_7)
DA:1,5
DA:2,5
DA:3,5
DA:7,5
DA:11,0
DA:12,0
DA:13,0
DA:15,0
DA:16,0
DA:17,0
DA:20,0
DA:21,0
DA:25,0
DA:29,0
DA:30,0
DA:33,0
DA:34,0
DA:37,0
DA:38,0
DA:39,0
DA:41,0
DA:42,0
DA:47,0
DA:48,0
DA:51,0
DA:52,0
DA:55,0
DA:59,0
DA:60,0
DA:61,0
DA:62,0
DA:67,0
DA:68,0
DA:69,0
DA:71,0
DA:72,0
DA:77,5
DA:79,5
LF:38
LH:6
BRDA:11,0,0,0
BRDA:11,0,1,0
BRDA:29,1,0,0
BRDA:29,1,1,0
BRDA:33,2,0,0
BRDA:33,2,1,0
BRDA:47,3,0,0
BRDA:47,3,1,0
BRDA:51,4,0,0
BRDA:51,4,1,0
BRDA:59,5,0,0
BRDA:59,5,1,0
BRF:12
BRH:0
end_of_record
TN:
SF:src\utils\error-handler.util.js
FN:10,(anonymous_0)
FN:11,(anonymous_1)
FN:12,(anonymous_2)
FN:19,(anonymous_3)
FN:71,(anonymous_4)
FNF:5
FNH:0
FNDA:0,(anonymous_0)
FNDA:0,(anonymous_1)
FNDA:0,(anonymous_2)
FNDA:0,(anonymous_3)
FNDA:0,(anonymous_4)
DA:1,0
DA:7,0
DA:11,0
DA:12,0
DA:13,0
DA:14,0
DA:20,0
DA:21,0
DA:24,0
DA:25,0
DA:26,0
DA:27,0
DA:30,0
DA:31,0
DA:32,0
DA:35,0
DA:36,0
DA:37,0
DA:40,0
DA:41,0
DA:44,0
DA:46,0
DA:51,0
DA:52,0
DA:53,0
DA:58,0
DA:59,0
DA:61,0
DA:68,0
DA:73,0
DA:74,0
DA:76,0
DA:85,0
LF:33
LH:0
BRDA:20,0,0,0
BRDA:20,0,1,0
BRDA:24,1,0,0
BRDA:24,1,1,0
BRDA:25,2,0,0
BRDA:25,2,1,0
BRDA:30,3,0,0
BRDA:30,3,1,0
BRDA:35,4,0,0
BRDA:35,4,1,0
BRDA:44,5,0,0
BRDA:44,5,1,0
BRDA:46,6,0,0
BRDA:46,6,1,0
BRDA:46,6,2,0
BRDA:46,6,3,0
BRDA:51,7,0,0
BRDA:51,7,1,0
BRDA:58,8,0,0
BRDA:58,8,1,0
BRDA:59,9,0,0
BRDA:59,9,1,0
BRDA:71,10,0,0
BRDA:73,11,0,0
BRDA:73,11,1,0
BRDA:74,12,0,0
BRDA:74,12,1,0
BRF:27
BRH:0
end_of_record
TN:
SF:src\utils\id-generator.util.js
FN:4,(anonymous_0)
FN:8,(anonymous_1)
FN:12,(anonymous_2)
FN:16,(anonymous_3)
FNF:4
FNH:4
FNDA:3,(anonymous_0)
FNDA:3,(anonymous_1)
FNDA:3,(anonymous_2)
FNDA:4,(anonymous_3)
DA:1,5
DA:5,3
DA:9,3
DA:13,3
DA:17,4
DA:21,5
LF:6
LH:6
BRF:0
BRH:0
end_of_record
TN:
SF:src\utils\index.js
FNF:0
FNH:0
DA:1,0
LF:1
LH:0
BRF:0
BRH:0
end_of_record
TN:
SF:src\utils\jwt.util.js
FN:4,(anonymous_0)
FN:9,(anonymous_1)
FN:18,(anonymous_2)
FNF:3
FNH:0
FNDA:0,(anonymous_0)
FNDA:0,(anonymous_1)
FNDA:0,(anonymous_2)
DA:1,0
DA:5,0
DA:6,0
DA:10,0
DA:11,0
DA:12,0
DA:14,0
DA:19,0
DA:20,0
DA:22,0
DA:27,0
LF:11
LH:0
BRDA:4,0,0,0
BRDA:5,1,0,0
BRDA:5,1,1,0
BRDA:10,2,0,0
BRDA:10,2,1,0
BRF:5
BRH:0
end_of_record
TN:
SF:src\utils\lock.util.js
FN:5,(anonymous_0)
FN:22,(anonymous_1)
FN:36,(anonymous_2)
FN:51,(anonymous_3)
FN:72,(anonymous_4)
FN:78,(anonymous_5)
FN:89,(anonymous_6)
FNF:7
FNH:6
FNDA:27,(anonymous_0)
FNDA:7,(anonymous_1)
FNDA:10,(anonymous_2)
FNDA:4,(anonymous_3)
FNDA:8,(anonymous_4)
FNDA:1,(anonymous_5)
FNDA:0,(anonymous_6)
DA:2,3
DA:3,3
DA:6,27
DA:7,27
DA:9,27
DA:10,27
DA:11,9
DA:14,18
DA:19,18
DA:23,7
DA:25,7
DA:26,1
DA:29,6
DA:30,1
DA:33,5
DA:37,10
DA:39,10
DA:40,5
DA:43,5
DA:44,1
DA:45,1
DA:48,4
DA:58,4
DA:59,4
DA:61,4
DA:62,11
DA:64,11
DA:65,3
DA:66,3
DA:68,3
DA:72,8
DA:75,1
DA:79,1
DA:80,1
DA:81,2
DA:82,1
DA:88,3
DA:89,3
DA:90,0
DA:94,3
LF:40
LH:39
BRDA:5,0,0,6
BRDA:6,1,0,27
BRDA:6,1,1,13
BRDA:10,2,0,9
BRDA:10,2,1,18
BRDA:10,3,0,27
BRDA:10,3,1,11
BRDA:25,4,0,1
BRDA:25,4,1,6
BRDA:29,5,0,1
BRDA:29,5,1,5
BRDA:29,6,0,6
BRDA:29,6,1,5
BRDA:39,7,0,5
BRDA:39,7,1,5
BRDA:43,8,0,1
BRDA:43,8,1,4
BRDA:54,9,0,2
BRDA:55,10,0,2
BRDA:56,11,0,2
BRDA:64,12,0,3
BRDA:64,12,1,8
BRDA:81,13,0,1
BRDA:81,13,1,1
BRDA:88,14,0,3
BRDA:88,14,1,0
BRF:26
BRH:25
end_of_record
TN:
SF:src\utils\logger.util.js
FN:9,(anonymous_0)
FN:14,(anonymous_1)
FN:20,(anonymous_2)
FN:24,(anonymous_3)
FN:28,(anonymous_4)
FN:40,(anonymous_5)
FNF:6
FNH:2
FNDA:7,(anonymous_0)
FNDA:0,(anonymous_1)
FNDA:0,(anonymous_2)
FNDA:7,(anonymous_3)
FNDA:0,(anonymous_4)
FNDA:0,(anonymous_5)
DA:1,5
DA:10,7
DA:11,7
DA:15,0
DA:16,0
DA:21,0
DA:25,7
DA:30,0
DA:33,0
DA:41,0
DA:49,5
LF:11
LH:5
BRDA:15,0,0,0
BRDA:15,0,1,0
BRDA:30,1,0,0
BRDA:30,1,1,0
BRF:4
BRH:0
end_of_record
TN:
SF:src\utils\pagination.util.js
FN:2,(anonymous_0)
FN:18,(anonymous_1)
FN:22,(anonymous_2)
FN:39,(anonymous_3)
FNF:4
FNH:0
FNDA:0,(anonymous_0)
FNDA:0,(anonymous_1)
FNDA:0,(anonymous_2)
FNDA:0,(anonymous_3)
DA:3,0
DA:6,0
DA:9,0
DA:11,0
DA:15,0
DA:19,0
DA:23,0
DA:24,0
DA:26,0
DA:40,0
DA:44,3
LF:11
LH:1
BRDA:3,0,0,0
BRDA:3,0,1,0
BRDA:6,1,0,0
BRDA:6,1,1,0
BRDA:9,2,0,0
BRDA:9,2,1,0
BRDA:11,3,0,0
BRDA:11,3,1,0
BRDA:11,4,0,0
BRDA:11,4,1,0
BRDA:23,5,0,0
BRDA:23,6,0,0
BRF:12
BRH:0
end_of_record
TN:
SF:src\utils\rate-limit.util.js
FN:6,(anonymous_0)
FN:14,(anonymous_1)
FN:32,(anonymous_2)
FN:46,(anonymous_3)
FN:60,(anonymous_4)
FN:75,(anonymous_5)
FN:89,(anonymous_6)
FNF:7
FNH:0
FNDA:0,(anonymous_0)
FNDA:0,(anonymous_1)
FNDA:0,(anonymous_2)
FNDA:0,(anonymous_3)
FNDA:0,(anonymous_4)
FNDA:0,(anonymous_5)
FNDA:0,(anonymous_6)
DA:1,0
DA:2,0
DA:3,0
DA:7,0
DA:15,0
DA:21,0
DA:29,0
DA:33,0
DA:37,0
DA:39,0
DA:47,0
DA:51,0
DA:53,0
DA:61,0
DA:65,0
DA:67,0
DA:76,0
DA:80,0
DA:82,0
DA:90,0
DA:94,0
DA:96,0
DA:104,0
LF:23
LH:0
BRDA:10,0,0,0
BRDA:10,0,1,0
BRDA:11,1,0,0
BRDA:11,1,1,0
BRDA:12,2,0,0
BRDA:12,2,1,0
BRDA:13,3,0,0
BRDA:13,3,1,0
BRDA:23,4,0,0
BRDA:23,4,1,0
BRDA:34,5,0,0
BRDA:34,5,1,0
BRDA:37,6,0,0
BRDA:37,6,1,0
BRDA:48,7,0,0
BRDA:48,7,1,0
BRDA:51,8,0,0
BRDA:51,8,1,0
BRDA:62,9,0,0
BRDA:62,9,1,0
BRDA:65,10,0,0
BRDA:65,10,1,0
BRDA:77,11,0,0
BRDA:77,11,1,0
BRDA:80,12,0,0
BRDA:80,12,1,0
BRDA:91,13,0,0
BRDA:91,13,1,0
BRDA:94,14,0,0
BRDA:94,14,1,0
BRF:30
BRH:0
end_of_record
TN:
SF:src\utils\response.util.js
FN:4,(anonymous_0)
FN:21,(anonymous_1)
FN:25,(anonymous_2)
FN:39,(anonymous_3)
FN:50,(anonymous_4)
FN:54,(anonymous_5)
FN:60,(anonymous_6)
FN:74,(anonymous_7)
FNF:8
FNH:0
FNDA:0,(anonymous_0)
FNDA:0,(anonymous_1)
FNDA:0,(anonymous_2)
FNDA:0,(anonymous_3)
FNDA:0,(anonymous_4)
FNDA:0,(anonymous_5)
FNDA:0,(anonymous_6)
FNDA:0,(anonymous_7)
DA:1,0
DA:5,0
DA:10,0
DA:11,0
DA:14,0
DA:15,0
DA:18,0
DA:22,0
DA:26,0
DA:32,0
DA:33,0
DA:36,0
DA:40,0
DA:47,0
DA:51,0
DA:56,0
DA:57,0
DA:61,0
DA:67,0
DA:68,0
DA:71,0
DA:75,0
DA:82,0
DA:83,0
DA:86,0
DA:90,0
LF:26
LH:0
BRDA:4,0,0,0
BRDA:10,1,0,0
BRDA:10,1,1,0
BRDA:14,2,0,0
BRDA:14,2,1,0
BRDA:21,3,0,0
BRDA:25,4,0,0
BRDA:32,5,0,0
BRDA:32,5,1,0
BRDA:39,6,0,0
BRDA:50,7,0,0
BRDA:54,8,0,0
BRDA:56,9,0,0
BRDA:56,9,1,0
BRDA:56,10,0,0
BRDA:56,10,1,0
BRDA:60,11,0,0
BRDA:67,12,0,0
BRDA:67,12,1,0
BRDA:74,13,0,0
BRDA:82,14,0,0
BRDA:82,14,1,0
BRF:22
BRH:0
end_of_record
TN:
SF:src\utils\transaction.util.js
FN:5,(anonymous_0)
FN:27,(anonymous_1)
FN:49,(anonymous_2)
FNF:3
FNH:3
FNDA:3,(anonymous_0)
FNDA:8,(anonymous_1)
FNDA:7,(anonymous_2)
DA:1,5
DA:2,5
DA:6,3
DA:8,3
DA:9,3
DA:10,3
DA:12,3
DA:14,1
DA:15,1
DA:17,1
DA:19,2
DA:20,2
DA:21,2
DA:23,3
DA:30,8
DA:31,15
DA:32,15
DA:34,9
DA:36,9
DA:41,9
DA:42,2
DA:45,7
DA:49,7
DA:53,0
DA:57,5
LF:25
LH:24
BRDA:27,0,0,2
BRDA:27,1,0,2
BRDA:36,2,0,9
BRDA:36,2,1,9
BRDA:36,2,2,3
BRDA:36,2,3,2
BRDA:41,3,0,2
BRDA:41,3,1,7
BRDA:41,4,0,9
BRDA:41,4,1,8
BRF:10
BRH:10
end_of_record
